-------------------------------------------------------------------------------
Test set: com.suneesh.h2.UserRepositoryTest
-------------------------------------------------------------------------------
Tests run: 1, Failures: 0, Errors: 1, Skipped: 0, Time elapsed: 1.255 s <<< FAILURE! - in com.suneesh.h2.UserRepositoryTest
check_todo_count(com.suneesh.h2.UserRepositoryTest)  Time elapsed: 0 s  <<< ERROR!
java.lang.IllegalStateException: Failed to load ApplicationContext
Caused by: org.springframework.beans.factory.BeanCreationException: Error creating bean with name 'entityManagerFactory' defined in class path resource [org/springframework/boot/autoconfigure/orm/jpa/HibernateJpaConfiguration.class]: Invocation of init method failed; nested exception is java.lang.NoClassDefFoundError: Could not initialize class org.hibernate.jpa.boot.internal.EntityManagerFactoryBuilderImpl
Caused by: java.lang.NoClassDefFoundError: Could not initialize class org.hibernate.jpa.boot.internal.EntityManagerFactoryBuilderImpl

