-------------------------------------------------------------------------------
Test set: com.suneesh.h2.H2InMemoryDbDemoApplicationTests
-------------------------------------------------------------------------------
Tests run: 1, Failures: 0, Errors: 1, Skipped: 0, Time elapsed: 2.674 s <<< FAILURE! - in com.suneesh.h2.H2InMemoryDbDemoApplicationTests
contextLoads(com.suneesh.h2.H2InMemoryDbDemoApplicationTests)  Time elapsed: 0.001 s  <<< ERROR!
java.lang.IllegalStateException: Failed to load ApplicationContext
Caused by: org.springframework.beans.factory.BeanCreationException: Error creating bean with name 'entityManagerFactory' defined in class path resource [org/springframework/boot/autoconfigure/orm/jpa/HibernateJpaConfiguration.class]: Invocation of init method failed; nested exception is java.lang.NoClassDefFoundError: javax/transaction/SystemException
Caused by: java.lang.NoClassDefFoundError: javax/transaction/SystemException
Caused by: java.lang.ClassNotFoundException: javax.transaction.SystemException

