<?xml version="1.0" encoding="UTF-8"?>
<testsuite xmlns:xsi="http://www.w3.org/2001/XMLSchema-instance" xsi:noNamespaceSchemaLocation="https://maven.apache.org/surefire/maven-surefire-plugin/xsd/surefire-test-report.xsd" name="com.suneesh.h2.H2InMemoryDbDemoApplicationTests" time="2.674" tests="1" errors="1" skipped="0" failures="0">
  <properties>
[...]
</properties>
  <testcase name="contextLoads" classname="com.suneesh.h2.H2InMemoryDbDemoApplicationTests" time="0.001">
    <error message="Failed to load ApplicationContext" type="java.lang.IllegalStateException">java.lang.IllegalStateException: Failed to load ApplicationContext
Caused by: org.springframework.beans.factory.BeanCreationException: Error creating bean with name 'entityManagerFactory' defined in class path resource [org/springframework/boot/autoconfigure/orm/jpa/HibernateJpaConfiguration.class]: Invocation of init method failed; nested exception is java.lang.NoClassDefFoundError: javax/transaction/SystemException
Caused by: java.lang.NoClassDefFoundError: javax/transaction/SystemException
Caused by: java.lang.ClassNotFoundException: javax.transaction.SystemException
</error>
    <system-out><![CDATA[23:21:32.504 [main] DEBUG org.springframework.test.context.junit4.SpringJUnit4ClassRunner - SpringJUnit4ClassRunner constructor called with [class com.suneesh.h2.H2InMemoryDbDemoApplicationTests]
23:21:32.509 [main] DEBUG org.springframework.test.context.BootstrapUtils - Instantiating CacheAwareContextLoaderDelegate from class [org.springframework.test.context.cache.DefaultCacheAwareContextLoaderDelegate]
23:21:32.515 [main] DEBUG org.springframework.test.context.BootstrapUtils - Instantiating BootstrapContext using constructor [public org.springframework.test.context.support.DefaultBootstrapContext(java.lang.Class,org.springframework.test.context.CacheAwareContextLoaderDelegate)]
23:21:32.528 [main] DEBUG org.springframework.test.context.BootstrapUtils - Instantiating TestContextBootstrapper for test class [com.suneesh.h2.H2InMemoryDbDemoApplicationTests] from class [org.springframework.boot.test.context.SpringBootTestContextBootstrapper]
23:21:32.540 [main] INFO org.springframework.boot.test.context.SpringBootTestContextBootstrapper - Neither @ContextConfiguration nor @ContextHierarchy found for test class [com.suneesh.h2.H2InMemoryDbDemoApplicationTests], using SpringBootContextLoader
23:21:32.546 [main] DEBUG org.springframework.test.context.support.AbstractContextLoader - Did not detect default resource location for test class [com.suneesh.h2.H2InMemoryDbDemoApplicationTests]: class path resource [com/suneesh/h2/H2InMemoryDbDemoApplicationTests-context.xml] does not exist
23:21:32.547 [main] DEBUG org.springframework.test.context.support.AbstractContextLoader - Did not detect default resource location for test class [com.suneesh.h2.H2InMemoryDbDemoApplicationTests]: class path resource [com/suneesh/h2/H2InMemoryDbDemoApplicationTestsContext.groovy] does not exist
23:21:32.548 [main] INFO org.springframework.test.context.support.AbstractContextLoader - Could not detect default resource locations for test class [com.suneesh.h2.H2InMemoryDbDemoApplicationTests]: no resource found for suffixes {-context.xml, Context.groovy}.
23:21:32.549 [main] INFO org.springframework.test.context.support.AnnotationConfigContextLoaderUtils - Could not detect default configuration classes for test class [com.suneesh.h2.H2InMemoryDbDemoApplicationTests]: H2InMemoryDbDemoApplicationTests does not declare any static, non-private, non-final, nested classes annotated with @Configuration.
23:21:32.591 [main] DEBUG org.springframework.test.context.support.ActiveProfilesUtils - Could not find an 'annotation declaring class' for annotation type [org.springframework.test.context.ActiveProfiles] and class [com.suneesh.h2.H2InMemoryDbDemoApplicationTests]
23:21:32.597 [main] DEBUG org.springframework.core.env.StandardEnvironment - Adding PropertySource 'systemProperties' with lowest search precedence
23:21:32.597 [main] DEBUG org.springframework.core.env.StandardEnvironment - Adding PropertySource 'systemEnvironment' with lowest search precedence
23:21:32.598 [main] DEBUG org.springframework.core.env.StandardEnvironment - Initialized StandardEnvironment with PropertySources [MapPropertySource@1809194904 {name='systemProperties', properties={sun.desktop=windows, awt.toolkit=sun.awt.windows.WToolkit, java.specification.version=9, file.encoding.pkg=sun.io, sun.cpu.isalist=amd64, sun.jnu.encoding=Cp1252, java.class.path=G:\Development\GitHub\JavaDevelopment\SpringH2Application\target\test-classes;G:\Development\GitHub\JavaDevelopment\SpringH2Application\target\classes;G:\Development\MavenRepository\org\springframework\boot\spring-boot-starter-web\2.0.0.BUILD-SNAPSHOT\spring-boot-starter-web-2.0.0.BUILD-SNAPSHOT.jar;G:\Development\MavenRepository\org\springframework\boot\spring-boot-starter\2.0.0.BUILD-SNAPSHOT\spring-boot-starter-2.0.0.BUILD-SNAPSHOT.jar;G:\Development\MavenRepository\org\springframework\boot\spring-boot\2.0.0.BUILD-SNAPSHOT\spring-boot-2.0.0.BUILD-SNAPSHOT.jar;G:\Development\MavenRepository\org\springframework\boot\spring-boot-autoconfigure\2.0.0.BUILD-SNAPSHOT\spring-boot-autoconfigure-2.0.0.BUILD-SNAPSHOT.jar;G:\Development\MavenRepository\org\springframework\boot\spring-boot-starter-logging\2.0.0.BUILD-SNAPSHOT\spring-boot-starter-logging-2.0.0.BUILD-SNAPSHOT.jar;G:\Development\MavenRepository\ch\qos\logback\logback-classic\1.2.3\logback-classic-1.2.3.jar;G:\Development\MavenRepository\ch\qos\logback\logback-core\1.2.3\logback-core-1.2.3.jar;G:\Development\MavenRepository\org\apache\logging\log4j\log4j-to-slf4j\2.10.0\log4j-to-slf4j-2.10.0.jar;G:\Development\MavenRepository\org\apache\logging\log4j\log4j-api\2.10.0\log4j-api-2.10.0.jar;G:\Development\MavenRepository\org\slf4j\jul-to-slf4j\1.7.25\jul-to-slf4j-1.7.25.jar;G:\Development\MavenRepository\javax\annotation\javax.annotation-api\1.3.2\javax.annotation-api-1.3.2.jar;G:\Development\MavenRepository\org\yaml\snakeyaml\1.19\snakeyaml-1.19.jar;G:\Development\MavenRepository\org\springframework\boot\spring-boot-starter-json\2.0.0.BUILD-SNAPSHOT\spring-boot-starter-json-2.0.0.BUILD-SNAPSHOT.jar;G:\Development\MavenRepository\com\fasterxml\jackson\core\jackson-databind\2.9.4\jackson-databind-2.9.4.jar;G:\Development\MavenRepository\com\fasterxml\jackson\core\jackson-annotations\2.9.0\jackson-annotations-2.9.0.jar;G:\Development\MavenRepository\com\fasterxml\jackson\core\jackson-core\2.9.4\jackson-core-2.9.4.jar;G:\Development\MavenRepository\com\fasterxml\jackson\datatype\jackson-datatype-jdk8\2.9.4\jackson-datatype-jdk8-2.9.4.jar;G:\Development\MavenRepository\com\fasterxml\jackson\datatype\jackson-datatype-jsr310\2.9.4\jackson-datatype-jsr310-2.9.4.jar;G:\Development\MavenRepository\com\fasterxml\jackson\module\jackson-module-parameter-names\2.9.4\jackson-module-parameter-names-2.9.4.jar;G:\Development\MavenRepository\org\springframework\boot\spring-boot-starter-tomcat\2.0.0.BUILD-SNAPSHOT\spring-boot-starter-tomcat-2.0.0.BUILD-SNAPSHOT.jar;G:\Development\MavenRepository\org\apache\tomcat\embed\tomcat-embed-core\8.5.28\tomcat-embed-core-8.5.28.jar;G:\Development\MavenRepository\org\apache\tomcat\embed\tomcat-embed-el\8.5.28\tomcat-embed-el-8.5.28.jar;G:\Development\MavenRepository\org\apache\tomcat\embed\tomcat-embed-websocket\8.5.28\tomcat-embed-websocket-8.5.28.jar;G:\Development\MavenRepository\org\hibernate\validator\hibernate-validator\6.0.7.Final\hibernate-validator-6.0.7.Final.jar;G:\Development\MavenRepository\javax\validation\validation-api\2.0.1.Final\validation-api-2.0.1.Final.jar;G:\Development\MavenRepository\org\jboss\logging\jboss-logging\3.3.2.Final\jboss-logging-3.3.2.Final.jar;G:\Development\MavenRepository\com\fasterxml\classmate\1.3.4\classmate-1.3.4.jar;G:\Development\MavenRepository\org\springframework\spring-web\5.0.4.RELEASE\spring-web-5.0.4.RELEASE.jar;G:\Development\MavenRepository\org\springframework\spring-beans\5.0.4.RELEASE\spring-beans-5.0.4.RELEASE.jar;G:\Development\MavenRepository\org\springframework\spring-webmvc\5.0.4.RELEASE\spring-webmvc-5.0.4.RELEASE.jar;G:\Development\MavenRepository\org\springframework\spring-aop\5.0.4.RELEASE\spring-aop-5.0.4.RELEASE.jar;G:\Development\MavenRepository\org\springframework\spring-context\5.0.4.RELEASE\spring-context-5.0.4.RELEASE.jar;G:\Development\MavenRepository\org\springframework\spring-expression\5.0.4.RELEASE\spring-expression-5.0.4.RELEASE.jar;G:\Development\MavenRepository\org\springframework\boot\spring-boot-starter-data-jpa\2.0.0.BUILD-SNAPSHOT\spring-boot-starter-data-jpa-2.0.0.BUILD-SNAPSHOT.jar;G:\Development\MavenRepository\org\springframework\boot\spring-boot-starter-aop\2.0.0.BUILD-SNAPSHOT\spring-boot-starter-aop-2.0.0.BUILD-SNAPSHOT.jar;G:\Development\MavenRepository\org\aspectj\aspectjweaver\1.8.13\aspectjweaver-1.8.13.jar;G:\Development\MavenRepository\org\springframework\boot\spring-boot-starter-jdbc\2.0.0.BUILD-SNAPSHOT\spring-boot-starter-jdbc-2.0.0.BUILD-SNAPSHOT.jar;G:\Development\MavenRepository\com\zaxxer\HikariCP\2.7.8\HikariCP-2.7.8.jar;G:\Development\MavenRepository\org\springframework\spring-jdbc\5.0.4.RELEASE\spring-jdbc-5.0.4.RELEASE.jar;G:\Development\MavenRepository\org\hibernate\hibernate-core\5.2.14.Final\hibernate-core-5.2.14.Final.jar;G:\Development\MavenRepository\org\hibernate\javax\persistence\hibernate-jpa-2.1-api\1.0.0.Final\hibernate-jpa-2.1-api-1.0.0.Final.jar;G:\Development\MavenRepository\org\javassist\javassist\3.22.0-GA\javassist-3.22.0-GA.jar;G:\Development\MavenRepository\antlr\antlr\2.7.7\antlr-2.7.7.jar;G:\Development\MavenRepository\org\jboss\jandex\2.0.3.Final\jandex-2.0.3.Final.jar;G:\Development\MavenRepository\dom4j\dom4j\1.6.1\dom4j-1.6.1.jar;G:\Development\MavenRepository\org\hibernate\common\hibernate-commons-annotations\5.0.1.Final\hibernate-commons-annotations-5.0.1.Final.jar;G:\Development\MavenRepository\javax\transaction\javax.transaction-api\1.2\javax.transaction-api-1.2.jar;G:\Development\MavenRepository\org\springframework\data\spring-data-jpa\2.0.5.RELEASE\spring-data-jpa-2.0.5.RELEASE.jar;G:\Development\MavenRepository\org\springframework\data\spring-data-commons\2.0.5.RELEASE\spring-data-commons-2.0.5.RELEASE.jar;G:\Development\MavenRepository\org\springframework\spring-orm\5.0.4.RELEASE\spring-orm-5.0.4.RELEASE.jar;G:\Development\MavenRepository\org\springframework\spring-tx\5.0.4.RELEASE\spring-tx-5.0.4.RELEASE.jar;G:\Development\MavenRepository\org\slf4j\slf4j-api\1.7.25\slf4j-api-1.7.25.jar;G:\Development\MavenRepository\org\springframework\spring-aspects\5.0.4.RELEASE\spring-aspects-5.0.4.RELEASE.jar;G:\Development\MavenRepository\com\h2database\h2\1.4.196\h2-1.4.196.jar;G:\Development\MavenRepository\org\springframework\boot\spring-boot-starter-test\2.0.0.BUILD-SNAPSHOT\spring-boot-starter-test-2.0.0.BUILD-SNAPSHOT.jar;G:\Development\MavenRepository\org\springframework\boot\spring-boot-test\2.0.0.BUILD-SNAPSHOT\spring-boot-test-2.0.0.BUILD-SNAPSHOT.jar;G:\Development\MavenRepository\org\springframework\boot\spring-boot-test-autoconfigure\2.0.0.BUILD-SNAPSHOT\spring-boot-test-autoconfigure-2.0.0.BUILD-SNAPSHOT.jar;G:\Development\MavenRepository\com\jayway\jsonpath\json-path\2.4.0\json-path-2.4.0.jar;G:\Development\MavenRepository\net\minidev\json-smart\2.3\json-smart-2.3.jar;G:\Development\MavenRepository\net\minidev\accessors-smart\1.2\accessors-smart-1.2.jar;G:\Development\MavenRepository\org\ow2\asm\asm\5.0.4\asm-5.0.4.jar;G:\Development\MavenRepository\junit\junit\4.12\junit-4.12.jar;G:\Development\MavenRepository\org\assertj\assertj-core\3.9.1\assertj-core-3.9.1.jar;G:\Development\MavenRepository\org\mockito\mockito-core\2.15.0\mockito-core-2.15.0.jar;G:\Development\MavenRepository\net\bytebuddy\byte-buddy\1.7.10\byte-buddy-1.7.10.jar;G:\Development\MavenRepository\net\bytebuddy\byte-buddy-agent\1.7.10\byte-buddy-agent-1.7.10.jar;G:\Development\MavenRepository\org\objenesis\objenesis\2.6\objenesis-2.6.jar;G:\Development\MavenRepository\org\hamcrest\hamcrest-core\1.3\hamcrest-core-1.3.jar;G:\Development\MavenRepository\org\hamcrest\hamcrest-library\1.3\hamcrest-library-1.3.jar;G:\Development\MavenRepository\org\skyscreamer\jsonassert\1.5.0\jsonassert-1.5.0.jar;G:\Development\MavenRepository\com\vaadin\external\google\android-json\0.0.20131108.vaadin1\android-json-0.0.20131108.vaadin1.jar;G:\Development\MavenRepository\org\springframework\spring-core\5.0.4.RELEASE\spring-core-5.0.4.RELEASE.jar;G:\Development\MavenRepository\org\springframework\spring-jcl\5.0.4.RELEASE\spring-jcl-5.0.4.RELEASE.jar;G:\Development\MavenRepository\org\springframework\spring-test\5.0.4.RELEASE\spring-test-5.0.4.RELEASE.jar;G:\Development\MavenRepository\org\xmlunit\xmlunit-core\2.5.1\xmlunit-core-2.5.1.jar;, java.vm.vendor=Oracle Corporation, sun.arch.data.model=64, user.variant=, java.vendor.url=http://java.oracle.com/, user.timezone=Europe/London, os.name=Windows 10, java.vm.specification.version=9, sun.java.launcher=SUN_STANDARD, user.country=GB, sun.boot.library.path=C:\Program Files\Java\jdk-9.0.1\bin, sun.java.command=C:\Users\sunee\AppData\Local\Temp\surefire11253842243414686282\surefirebooter9590102627159498564.jar C:\Users\sunee\AppData\Local\Temp\surefire11253842243414686282 2020-01-19T23-21-25_816-jvmRun1 surefire8304468099330974679tmp surefire_06592669144205719307tmp, jdk.debug=release, surefire.test.class.path=G:\Development\GitHub\JavaDevelopment\SpringH2Application\target\test-classes;G:\Development\GitHub\JavaDevelopment\SpringH2Application\target\classes;G:\Development\MavenRepository\org\springframework\boot\spring-boot-starter-web\2.0.0.BUILD-SNAPSHOT\spring-boot-starter-web-2.0.0.BUILD-SNAPSHOT.jar;G:\Development\MavenRepository\org\springframework\boot\spring-boot-starter\2.0.0.BUILD-SNAPSHOT\spring-boot-starter-2.0.0.BUILD-SNAPSHOT.jar;G:\Development\MavenRepository\org\springframework\boot\spring-boot\2.0.0.BUILD-SNAPSHOT\spring-boot-2.0.0.BUILD-SNAPSHOT.jar;G:\Development\MavenRepository\org\springframework\boot\spring-boot-autoconfigure\2.0.0.BUILD-SNAPSHOT\spring-boot-autoconfigure-2.0.0.BUILD-SNAPSHOT.jar;G:\Development\MavenRepository\org\springframework\boot\spring-boot-starter-logging\2.0.0.BUILD-SNAPSHOT\spring-boot-starter-logging-2.0.0.BUILD-SNAPSHOT.jar;G:\Development\MavenRepository\ch\qos\logback\logback-classic\1.2.3\logback-classic-1.2.3.jar;G:\Development\MavenRepository\ch\qos\logback\logback-core\1.2.3\logback-core-1.2.3.jar;G:\Development\MavenRepository\org\apache\logging\log4j\log4j-to-slf4j\2.10.0\log4j-to-slf4j-2.10.0.jar;G:\Development\MavenRepository\org\apache\logging\log4j\log4j-api\2.10.0\log4j-api-2.10.0.jar;G:\Development\MavenRepository\org\slf4j\jul-to-slf4j\1.7.25\jul-to-slf4j-1.7.25.jar;G:\Development\MavenRepository\javax\annotation\javax.annotation-api\1.3.2\javax.annotation-api-1.3.2.jar;G:\Development\MavenRepository\org\yaml\snakeyaml\1.19\snakeyaml-1.19.jar;G:\Development\MavenRepository\org\springframework\boot\spring-boot-starter-json\2.0.0.BUILD-SNAPSHOT\spring-boot-starter-json-2.0.0.BUILD-SNAPSHOT.jar;G:\Development\MavenRepository\com\fasterxml\jackson\core\jackson-databind\2.9.4\jackson-databind-2.9.4.jar;G:\Development\MavenRepository\com\fasterxml\jackson\core\jackson-annotations\2.9.0\jackson-annotations-2.9.0.jar;G:\Development\MavenRepository\com\fasterxml\jackson\core\jackson-core\2.9.4\jackson-core-2.9.4.jar;G:\Development\MavenRepository\com\fasterxml\jackson\datatype\jackson-datatype-jdk8\2.9.4\jackson-datatype-jdk8-2.9.4.jar;G:\Development\MavenRepository\com\fasterxml\jackson\datatype\jackson-datatype-jsr310\2.9.4\jackson-datatype-jsr310-2.9.4.jar;G:\Development\MavenRepository\com\fasterxml\jackson\module\jackson-module-parameter-names\2.9.4\jackson-module-parameter-names-2.9.4.jar;G:\Development\MavenRepository\org\springframework\boot\spring-boot-starter-tomcat\2.0.0.BUILD-SNAPSHOT\spring-boot-starter-tomcat-2.0.0.BUILD-SNAPSHOT.jar;G:\Development\MavenRepository\org\apache\tomcat\embed\tomcat-embed-core\8.5.28\tomcat-embed-core-8.5.28.jar;G:\Development\MavenRepository\org\apache\tomcat\embed\tomcat-embed-el\8.5.28\tomcat-embed-el-8.5.28.jar;G:\Development\MavenRepository\org\apache\tomcat\embed\tomcat-embed-websocket\8.5.28\tomcat-embed-websocket-8.5.28.jar;G:\Development\MavenRepository\org\hibernate\validator\hibernate-validator\6.0.7.Final\hibernate-validator-6.0.7.Final.jar;G:\Development\MavenRepository\javax\validation\validation-api\2.0.1.Final\validation-api-2.0.1.Final.jar;G:\Development\MavenRepository\org\jboss\logging\jboss-logging\3.3.2.Final\jboss-logging-3.3.2.Final.jar;G:\Development\MavenRepository\com\fasterxml\classmate\1.3.4\classmate-1.3.4.jar;G:\Development\MavenRepository\org\springframework\spring-web\5.0.4.RELEASE\spring-web-5.0.4.RELEASE.jar;G:\Development\MavenRepository\org\springframework\spring-beans\5.0.4.RELEASE\spring-beans-5.0.4.RELEASE.jar;G:\Development\MavenRepository\org\springframework\spring-webmvc\5.0.4.RELEASE\spring-webmvc-5.0.4.RELEASE.jar;G:\Development\MavenRepository\org\springframework\spring-aop\5.0.4.RELEASE\spring-aop-5.0.4.RELEASE.jar;G:\Development\MavenRepository\org\springframework\spring-context\5.0.4.RELEASE\spring-context-5.0.4.RELEASE.jar;G:\Development\MavenRepository\org\springframework\spring-expression\5.0.4.RELEASE\spring-expression-5.0.4.RELEASE.jar;G:\Development\MavenRepository\org\springframework\boot\spring-boot-starter-data-jpa\2.0.0.BUILD-SNAPSHOT\spring-boot-starter-data-jpa-2.0.0.BUILD-SNAPSHOT.jar;G:\Development\MavenRepository\org\springframework\boot\spring-boot-starter-aop\2.0.0.BUILD-SNAPSHOT\spring-boot-starter-aop-2.0.0.BUILD-SNAPSHOT.jar;G:\Development\MavenRepository\org\aspectj\aspectjweaver\1.8.13\aspectjweaver-1.8.13.jar;G:\Development\MavenRepository\org\springframework\boot\spring-boot-starter-jdbc\2.0.0.BUILD-SNAPSHOT\spring-boot-starter-jdbc-2.0.0.BUILD-SNAPSHOT.jar;G:\Development\MavenRepository\com\zaxxer\HikariCP\2.7.8\HikariCP-2.7.8.jar;G:\Development\MavenRepository\org\springframework\spring-jdbc\5.0.4.RELEASE\spring-jdbc-5.0.4.RELEASE.jar;G:\Development\MavenRepository\org\hibernate\hibernate-core\5.2.14.Final\hibernate-core-5.2.14.Final.jar;G:\Development\MavenRepository\org\hibernate\javax\persistence\hibernate-jpa-2.1-api\1.0.0.Final\hibernate-jpa-2.1-api-1.0.0.Final.jar;G:\Development\MavenRepository\org\javassist\javassist\3.22.0-GA\javassist-3.22.0-GA.jar;G:\Development\MavenRepository\antlr\antlr\2.7.7\antlr-2.7.7.jar;G:\Development\MavenRepository\org\jboss\jandex\2.0.3.Final\jandex-2.0.3.Final.jar;G:\Development\MavenRepository\dom4j\dom4j\1.6.1\dom4j-1.6.1.jar;G:\Development\MavenRepository\org\hibernate\common\hibernate-commons-annotations\5.0.1.Final\hibernate-commons-annotations-5.0.1.Final.jar;G:\Development\MavenRepository\javax\transaction\javax.transaction-api\1.2\javax.transaction-api-1.2.jar;G:\Development\MavenRepository\org\springframework\data\spring-data-jpa\2.0.5.RELEASE\spring-data-jpa-2.0.5.RELEASE.jar;G:\Development\MavenRepository\org\springframework\data\spring-data-commons\2.0.5.RELEASE\spring-data-commons-2.0.5.RELEASE.jar;G:\Development\MavenRepository\org\springframework\spring-orm\5.0.4.RELEASE\spring-orm-5.0.4.RELEASE.jar;G:\Development\MavenRepository\org\springframework\spring-tx\5.0.4.RELEASE\spring-tx-5.0.4.RELEASE.jar;G:\Development\MavenRepository\org\slf4j\slf4j-api\1.7.25\slf4j-api-1.7.25.jar;G:\Development\MavenRepository\org\springframework\spring-aspects\5.0.4.RELEASE\spring-aspects-5.0.4.RELEASE.jar;G:\Development\MavenRepository\com\h2database\h2\1.4.196\h2-1.4.196.jar;G:\Development\MavenRepository\org\springframework\boot\spring-boot-starter-test\2.0.0.BUILD-SNAPSHOT\spring-boot-starter-test-2.0.0.BUILD-SNAPSHOT.jar;G:\Development\MavenRepository\org\springframework\boot\spring-boot-test\2.0.0.BUILD-SNAPSHOT\spring-boot-test-2.0.0.BUILD-SNAPSHOT.jar;G:\Development\MavenRepository\org\springframework\boot\spring-boot-test-autoconfigure\2.0.0.BUILD-SNAPSHOT\spring-boot-test-autoconfigure-2.0.0.BUILD-SNAPSHOT.jar;G:\Development\MavenRepository\com\jayway\jsonpath\json-path\2.4.0\json-path-2.4.0.jar;G:\Development\MavenRepository\net\minidev\json-smart\2.3\json-smart-2.3.jar;G:\Development\MavenRepository\net\minidev\accessors-smart\1.2\accessors-smart-1.2.jar;G:\Development\MavenRepository\org\ow2\asm\asm\5.0.4\asm-5.0.4.jar;G:\Development\MavenRepository\junit\junit\4.12\junit-4.12.jar;G:\Development\MavenRepository\org\assertj\assertj-core\3.9.1\assertj-core-3.9.1.jar;G:\Development\MavenRepository\org\mockito\mockito-core\2.15.0\mockito-core-2.15.0.jar;G:\Development\MavenRepository\net\bytebuddy\byte-buddy\1.7.10\byte-buddy-1.7.10.jar;G:\Development\MavenRepository\net\bytebuddy\byte-buddy-agent\1.7.10\byte-buddy-agent-1.7.10.jar;G:\Development\MavenRepository\org\objenesis\objenesis\2.6\objenesis-2.6.jar;G:\Development\MavenRepository\org\hamcrest\hamcrest-core\1.3\hamcrest-core-1.3.jar;G:\Development\MavenRepository\org\hamcrest\hamcrest-library\1.3\hamcrest-library-1.3.jar;G:\Development\MavenRepository\org\skyscreamer\jsonassert\1.5.0\jsonassert-1.5.0.jar;G:\Development\MavenRepository\com\vaadin\external\google\android-json\0.0.20131108.vaadin1\android-json-0.0.20131108.vaadin1.jar;G:\Development\MavenRepository\org\springframework\spring-core\5.0.4.RELEASE\spring-core-5.0.4.RELEASE.jar;G:\Development\MavenRepository\org\springframework\spring-jcl\5.0.4.RELEASE\spring-jcl-5.0.4.RELEASE.jar;G:\Development\MavenRepository\org\springframework\spring-test\5.0.4.RELEASE\spring-test-5.0.4.RELEASE.jar;G:\Development\MavenRepository\org\xmlunit\xmlunit-core\2.5.1\xmlunit-core-2.5.1.jar;, sun.cpu.endian=little, user.home=C:\Users\sunee, user.language=en, java.specification.vendor=Oracle Corporation, java.home=C:\Program Files\Java\jdk-9.0.1, file.separator=\, basedir=G:\Development\GitHub\JavaDevelopment\SpringH2Application, java.vm.compressedOopsMode=Zero based, line.separator=
, java.vm.specification.vendor=Oracle Corporation, java.specification.name=Java Platform API Specification, java.awt.graphicsenv=sun.awt.Win32GraphicsEnvironment, surefire.real.class.path=C:\Users\sunee\AppData\Local\Temp\surefire11253842243414686282\surefirebooter9590102627159498564.jar, user.script=, sun.management.compiler=HotSpot 64-Bit Tiered Compilers, java.runtime.version=9.0.1+11, user.name=sunee, path.separator=;, os.version=10.0, java.runtime.name=Java(TM) SE Runtime Environment, file.encoding=Cp1252, java.vm.name=Java HotSpot(TM) 64-Bit Server VM, localRepository=G:\Development\MavenRepository, java.vendor.url.bug=http://bugreport.java.com/bugreport/, java.io.tmpdir=C:\Users\sunee\AppData\Local\Temp\, java.version=9.0.1, user.dir=G:\Development\GitHub\JavaDevelopment\SpringH2Application, os.arch=amd64, java.vm.specification.name=Java Virtual Machine Specification, java.awt.printerjob=sun.awt.windows.WPrinterJob, sun.os.patch.level=, java.library.path=C:\Program Files\Java\jdk-9.0.1\bin;C:\WINDOWS\Sun\Java\bin;C:\WINDOWS\system32;C:\WINDOWS;C:\Users\sunee\bin;G:\Development\Git\mingw64\bin;G:\Development\Git\usr\local\bin;G:\Development\Git\usr\bin;G:\Development\Git\usr\bin;G:\Development\Git\mingw64\bin;G:\Development\Git\usr\bin;C:\Users\sunee\bin;C:\ProgramData\DockerDesktop\version-bin;C:\Program Files\Docker\Docker\Resources\bin;G:\My Software\Python3.7.1\Scripts;G:\My Software\Python3.7.1;C:\Program Files\Java\jdk-9.0.1\bin;C:\Program Files (x86)\Intel\iCLS Client;C:\Program Files\Intel\iCLS Client;C:\Program Files\Broadcom\Broadcom 802.11 Network Adapter;C:\Windows\system32;C:\Windows;C:\Windows\System32\Wbem;C:\Windows\System32\WindowsPowerShell\v1.0;C:\Program Files\WIDCOMM\Bluetooth Software;C:\Program Files\WIDCOMM\Bluetooth Software\syswow64;C:\Program Files (x86)\NVIDIA Corporation\PhysX\Common;C:\WINDOWS\system32;C:\WINDOWS;C:\WINDOWS\System32\Wbem;C:\WINDOWS\System32\WindowsPowerShell\v1.0;G:\Mining\build_monero\CMake\bin;G:\Development\putty;G:\Development\Cmake\bin;C:\Program Files (x86)\Intel\Intel(R) Management Engine Components\DAL;C:\Program Files\Intel\Intel(R) Management Engine Components\DAL;C:\Program Files (x86)\Intel\Intel(R) Management Engine Components\IPT;C:\Program Files\Intel\Intel(R) Management Engine Components\IPT;C:\WINDOWS\system32;C:\WINDOWS;C:\WINDOWS\System32\Wbem;C:\WINDOWS\System32\WindowsPowerShell\v1.0;C:\WINDOWS\System32\OpenSSH;G:\Development\apache-maven-3.6.0\bin;C:\Program Files\NVIDIA Corporation\NVIDIA NvDLISR;C:\Users\sunee\AppData\Local\Microsoft\WindowsApps;G:\Mining\build_monero\CMake\bin;C:\Users\sunee\AppData\Local\GitHubDesktop\bin;C:\Users\sunee\AppData\Local\Microsoft\WindowsApps;G:\Development\Git\cmd;C:\Users\sunee\AppData\Local\Programs\Microsoft VS Code\bin;G:\Development\Git\usr\bin\vendor_perl;G:\Development\Git\usr\bin\core_perl;., java.vm.info=mixed mode, java.vendor=Oracle Corporation, java.vm.version=9.0.1+11, sun.io.unicode.encoding=UnicodeLittle, java.class.version=53.0}}, SystemEnvironmentPropertySource@1219273867 {name='systemEnvironment', properties={PATH=C:\Users\sunee\bin;G:\Development\Git\mingw64\bin;G:\Development\Git\usr\local\bin;G:\Development\Git\usr\bin;G:\Development\Git\usr\bin;G:\Development\Git\mingw64\bin;G:\Development\Git\usr\bin;C:\Users\sunee\bin;C:\ProgramData\DockerDesktop\version-bin;C:\Program Files\Docker\Docker\Resources\bin;G:\My Software\Python3.7.1\Scripts;G:\My Software\Python3.7.1;C:\Program Files\Java\jdk-9.0.1\bin;C:\Program Files (x86)\Intel\iCLS Client;C:\Program Files\Intel\iCLS Client;C:\Program Files\Broadcom\Broadcom 802.11 Network Adapter;C:\Windows\system32;C:\Windows;C:\Windows\System32\Wbem;C:\Windows\System32\WindowsPowerShell\v1.0;C:\Program Files\WIDCOMM\Bluetooth Software;C:\Program Files\WIDCOMM\Bluetooth Software\syswow64;C:\Program Files (x86)\NVIDIA Corporation\PhysX\Common;C:\WINDOWS\system32;C:\WINDOWS;C:\WINDOWS\System32\Wbem;C:\WINDOWS\System32\WindowsPowerShell\v1.0;G:\Mining\build_monero\CMake\bin;G:\Development\putty;G:\Development\Cmake\bin;C:\Program Files (x86)\Intel\Intel(R) Management Engine Components\DAL;C:\Program Files\Intel\Intel(R) Management Engine Components\DAL;C:\Program Files (x86)\Intel\Intel(R) Management Engine Components\IPT;C:\Program Files\Intel\Intel(R) Management Engine Components\IPT;C:\WINDOWS\system32;C:\WINDOWS;C:\WINDOWS\System32\Wbem;C:\WINDOWS\System32\WindowsPowerShell\v1.0;C:\WINDOWS\System32\OpenSSH;G:\Development\apache-maven-3.6.0\bin;C:\Program Files\NVIDIA Corporation\NVIDIA NvDLISR;C:\Users\sunee\AppData\Local\Microsoft\WindowsApps;G:\Mining\build_monero\CMake\bin;C:\Users\sunee\AppData\Local\GitHubDesktop\bin;C:\Users\sunee\AppData\Local\Microsoft\WindowsApps;G:\Development\Git\cmd;C:\Users\sunee\AppData\Local\Programs\Microsoft VS Code\bin;G:\Development\Git\usr\bin\vendor_perl;G:\Development\Git\usr\bin\core_perl, USERDOMAIN_ROAMINGPROFILE=JOSHIS-DESKTOP, PKG_CONFIG_PATH=G:\Development\Git\mingw64\lib\pkgconfig;G:\Development\Git\mingw64\share\pkgconfig, MSYSTEM_PREFIX=G:/Development/Git/mingw64, PROCESSOR_LEVEL=6, SYSTEMDRIVE=C:, CONFIG_SITE=G:/Development/Git/mingw64/etc/config.site, VS140COMNTOOLS=C:\Program Files (x86)\Microsoft Visual Studio 14.0\Common7\Tools\, SESSIONNAME=Console, ALLUSERSPROFILE=C:\ProgramData, DEFAULT_CPY_DIR=G:\CPY_SAVES, ETHEREUM_SOCKET=\\.\pipe\geth.ipc, PROCESSOR_ARCHITECTURE=AMD64, DRIVERDATA=C:\Windows\System32\Drivers\DriverData, MSYSTEM_CHOST=x86_64-w64-mingw32, MAVEN_HOME=G:/Development/apache-maven-3.6.0, ORIGINAL_TEMP=C:/Users/sunee/AppData/Local/Temp, PROGRAMFILES=C:\Program Files, PSMODULEPATH=C:\WINDOWS\system32\WindowsPowerShell\v1.0\Modules\;C:\Program Files\Intel\;C:\Program Files\Intel\Wired Networking\, PROGRAMDATA=C:\ProgramData, USERNAME=sunee, PWD=G:/Development/GitHub/JavaDevelopment/SpringH2Application, GPU_USE_SYNC_OBJECTS=1, INFOPATH=G:\Development\Git\usr\local\info;G:\Development\Git\usr\share\info;G:\Development\Git\usr\info;G:\Development\Git\share\info, ADS_LANGUAGE=52, GPU_MAX_ALLOC_PERCENT=100, ONEDRIVE=C:\Users\sunee\OneDrive, PATHEXT=.COM;.EXE;.BAT;.CMD;.VBS;.VBE;.JS;.JSE;.WSF;.WSH;.MSC;.PY;.PYW, SHELL=G:\Development\Git\usr\bin\bash.exe, ORIGINAL_TMP=C:/Users/sunee/AppData/Local/Temp, OLDPWD=G:/Development/GitHub/JavaDevelopment/SpringH2Application, TMPDIR=C:\Users\sunee\AppData\Local\Temp, WINDIR=C:\WINDOWS, SSH_ASKPASS=G:/Development/Git/mingw64/libexec/git-core/git-gui--askpass, HOMEPATH=\Users\sunee, PROCESSOR_IDENTIFIER=Intel64 Family 6 Model 94 Stepping 3, GenuineIntel, M2_HOME=G:\Development\apache-maven-3.6.0, PUBLIC=C:\Users\Public, MINGW_CHOST=x86_64-w64-mingw32, =::=::\, EXEPATH=G:\Development\Git, SHLVL=1, GPU_MAX_HEAP_SIZE=100, LOCALAPPDATA=C:\Users\sunee\AppData\Local, ORIGINAL_PATH=G:\Development\Git\mingw64\bin;G:\Development\Git\usr\bin;C:\Users\sunee\bin;C:\ProgramData\DockerDesktop\version-bin;C:\Program Files\Docker\Docker\Resources\bin;G:\My Software\Python3.7.1\Scripts;G:\My Software\Python3.7.1;C:\Program Files\Java\jdk-9.0.1\bin;C:\Program Files (x86)\Intel\iCLS Client;C:\Program Files\Intel\iCLS Client;C:\Program Files\Broadcom\Broadcom 802.11 Network Adapter;C:\Windows\system32;C:\Windows;C:\Windows\System32\Wbem;C:\Windows\System32\WindowsPowerShell\v1.0;C:\Program Files\WIDCOMM\Bluetooth Software;C:\Program Files\WIDCOMM\Bluetooth Software\syswow64;C:\Program Files (x86)\NVIDIA Corporation\PhysX\Common;C:\WINDOWS\system32;C:\WINDOWS;C:\WINDOWS\System32\Wbem;C:\WINDOWS\System32\WindowsPowerShell\v1.0;G:\Mining\build_monero\CMake\bin;G:\Development\putty;G:\Development\Cmake\bin;C:\Program Files (x86)\Intel\Intel(R) Management Engine Components\DAL;C:\Program Files\Intel\Intel(R) Management Engine Components\DAL;C:\Program Files (x86)\Intel\Intel(R) Management Engine Components\IPT;C:\Program Files\Intel\Intel(R) Management Engine Components\IPT;C:\WINDOWS\system32;C:\WINDOWS;C:\WINDOWS\System32\Wbem;C:\WINDOWS\System32\WindowsPowerShell\v1.0;C:\WINDOWS\System32\OpenSSH;G:\Development\apache-maven-3.6.0\bin;C:\Program Files\NVIDIA Corporation\NVIDIA NvDLISR;C:\Users\sunee\AppData\Local\Microsoft\WindowsApps;G:\Mining\build_monero\CMake\bin;C:\Users\sunee\AppData\Local\GitHubDesktop\bin;C:\Users\sunee\AppData\Local\Microsoft\WindowsApps;G:\Development\Git\cmd;C:\Users\sunee\AppData\Local\Programs\Microsoft VS Code\bin, GPU_SINGLE_ALLOC_PERCENT=100, MANPATH=G:\Development\Git\mingw64\local\man;G:\Development\Git\mingw64\share\man;G:\Development\Git\usr\local\man;G:\Development\Git\usr\share\man;G:\Development\Git\usr\man;G:\Development\Git\share\man, COMMONPROGRAMFILES(X86)=C:\Program Files (x86)\Common Files, MINGW_PACKAGE_PREFIX=mingw-w64-x86_64, GPU_FORCE_64BIT_PTR=0, USERDOMAIN=JOSHIS-DESKTOP, LOGONSERVER=\\JOSHIS-DESKTOP, JAVA_HOME=C:/Program Files/Java/jdk-9.0.1, PLINK_PROTOCOL=ssh, PROMPT=$P$G, PROGRAMFILES(X86)=C:\Program Files (x86), TERM=xterm, ASL.LOG=Destination=file, LANG=en_GB.UTF-8, =G:=G:\Development\GitHub\JavaDevelopment\SpringH2Application, MINGW_PREFIX=G:/Development/Git/mingw64, DISPLAY=needs-to-be-defined, MSYSTEM=MINGW64, APPDATA=C:\Users\sunee\AppData\Roaming, PROGRAMW6432=C:\Program Files, SYSTEMROOT=C:\WINDOWS, GPU_USE_SYNC_OBJETCS=1, MAVEN_CMD_LINE_ARGS= -U clean install, OS=Windows_NT, COMMONPROGRAMW6432=C:\Program Files\Common Files, COMPUTERNAME=JOSHIS-DESKTOP, COMMONPROGRAMFILES=C:\Program Files\Common Files, COMSPEC=C:\WINDOWS\system32\cmd.exe, MAVEN_PROJECTBASEDIR=G:/Development/GitHub/JavaDevelopment/SpringH2Application, PROCESSOR_REVISION=5e03, ACLOCAL_PATH=G:\Development\Git\mingw64\share\aclocal;G:\Development\Git\usr\share\aclocal, MSYSTEM_CARCH=x86_64, TEMP=C:\Users\sunee\AppData\Local\Temp, HOSTNAME=JOSHIs-DESKTOP, HOMEDRIVE=C:, USERPROFILE=C:\Users\sunee, TMP=C:\Users\sunee\AppData\Local\Temp, NUMBER_OF_PROCESSORS=8, HOME=C:\Users\sunee}}]
23:21:32.612 [main] DEBUG org.springframework.core.io.support.PathMatchingResourcePatternResolver - Resolved classpath location [com/suneesh/h2/] to resources [URL [file:/G:/Development/GitHub/JavaDevelopment/SpringH2Application/target/test-classes/com/suneesh/h2/], URL [file:/G:/Development/GitHub/JavaDevelopment/SpringH2Application/target/classes/com/suneesh/h2/]]
23:21:32.612 [main] DEBUG org.springframework.core.io.support.PathMatchingResourcePatternResolver - Looking for matching resources in directory tree [G:\Development\GitHub\JavaDevelopment\SpringH2Application\target\test-classes\com\suneesh\h2]
23:21:32.613 [main] DEBUG org.springframework.core.io.support.PathMatchingResourcePatternResolver - Searching directory [G:\Development\GitHub\JavaDevelopment\SpringH2Application\target\test-classes\com\suneesh\h2] for files matching pattern [G:/Development/GitHub/JavaDevelopment/SpringH2Application/target/test-classes/com/suneesh/h2/*.class]
23:21:32.617 [main] DEBUG org.springframework.core.io.support.PathMatchingResourcePatternResolver - Looking for matching resources in directory tree [G:\Development\GitHub\JavaDevelopment\SpringH2Application\target\classes\com\suneesh\h2]
23:21:32.617 [main] DEBUG org.springframework.core.io.support.PathMatchingResourcePatternResolver - Searching directory [G:\Development\GitHub\JavaDevelopment\SpringH2Application\target\classes\com\suneesh\h2] for files matching pattern [G:/Development/GitHub/JavaDevelopment/SpringH2Application/target/classes/com/suneesh/h2/*.class]
23:21:32.618 [main] DEBUG org.springframework.core.io.support.PathMatchingResourcePatternResolver - Resolved location pattern [classpath*:com/suneesh/h2/*.class] to resources [file [G:\Development\GitHub\JavaDevelopment\SpringH2Application\target\test-classes\com\suneesh\h2\H2InMemoryDbDemoApplicationTests.class], file [G:\Development\GitHub\JavaDevelopment\SpringH2Application\target\test-classes\com\suneesh\h2\UserRepositoryTest.class], file [G:\Development\GitHub\JavaDevelopment\SpringH2Application\target\classes\com\suneesh\h2\H2InMemoryApplication.class], file [G:\Development\GitHub\JavaDevelopment\SpringH2Application\target\classes\com\suneesh\h2\UserEntityManagerCommandLineRunner.class], file [G:\Development\GitHub\JavaDevelopment\SpringH2Application\target\classes\com\suneesh\h2\UserRepositoryCommandLineRunner.class]]
23:21:32.696 [main] DEBUG org.springframework.context.annotation.ClassPathScanningCandidateComponentProvider - Identified candidate component class: file [G:\Development\GitHub\JavaDevelopment\SpringH2Application\target\classes\com\suneesh\h2\H2InMemoryApplication.class]
23:21:32.698 [main] INFO org.springframework.boot.test.context.SpringBootTestContextBootstrapper - Found @SpringBootConfiguration com.suneesh.h2.H2InMemoryApplication for test class com.suneesh.h2.H2InMemoryDbDemoApplicationTests
23:21:32.809 [main] DEBUG org.springframework.boot.test.context.SpringBootTestContextBootstrapper - @TestExecutionListeners is not present for class [com.suneesh.h2.H2InMemoryDbDemoApplicationTests]: using defaults.
23:21:32.809 [main] INFO org.springframework.boot.test.context.SpringBootTestContextBootstrapper - Loaded default TestExecutionListener class names from location [META-INF/spring.factories]: [org.springframework.boot.test.mock.mockito.MockitoTestExecutionListener, org.springframework.boot.test.mock.mockito.ResetMocksTestExecutionListener, org.springframework.boot.test.autoconfigure.restdocs.RestDocsTestExecutionListener, org.springframework.boot.test.autoconfigure.web.client.MockRestServiceServerResetTestExecutionListener, org.springframework.boot.test.autoconfigure.web.servlet.MockMvcPrintOnlyOnFailureTestExecutionListener, org.springframework.boot.test.autoconfigure.web.servlet.WebDriverTestExecutionListener, org.springframework.test.context.web.ServletTestExecutionListener, org.springframework.test.context.support.DirtiesContextBeforeModesTestExecutionListener, org.springframework.test.context.support.DependencyInjectionTestExecutionListener, org.springframework.test.context.support.DirtiesContextTestExecutionListener, org.springframework.test.context.transaction.TransactionalTestExecutionListener, org.springframework.test.context.jdbc.SqlScriptsTestExecutionListener]
23:21:32.827 [main] INFO org.springframework.boot.test.context.SpringBootTestContextBootstrapper - Using TestExecutionListeners: [org.springframework.test.context.web.ServletTestExecutionListener@5d066c7d, org.springframework.test.context.support.DirtiesContextBeforeModesTestExecutionListener@1e461e41, org.springframework.boot.test.mock.mockito.MockitoTestExecutionListener@5ba88be8, org.springframework.boot.test.autoconfigure.SpringBootDependencyInjectionTestExecutionListener@56928307, org.springframework.test.context.support.DirtiesContextTestExecutionListener@3899782c, org.springframework.test.context.transaction.TransactionalTestExecutionListener@1603cd68, org.springframework.test.context.jdbc.SqlScriptsTestExecutionListener@9ebe38b, org.springframework.boot.test.mock.mockito.ResetMocksTestExecutionListener@4b23c30a, org.springframework.boot.test.autoconfigure.restdocs.RestDocsTestExecutionListener@38089a5a, org.springframework.boot.test.autoconfigure.web.client.MockRestServiceServerResetTestExecutionListener@30e868be, org.springframework.boot.test.autoconfigure.web.servlet.MockMvcPrintOnlyOnFailureTestExecutionListener@66c92293, org.springframework.boot.test.autoconfigure.web.servlet.WebDriverTestExecutionListener@332796d3]
23:21:32.829 [main] DEBUG org.springframework.test.annotation.ProfileValueUtils - Retrieved @ProfileValueSourceConfiguration [null] for test class [com.suneesh.h2.H2InMemoryDbDemoApplicationTests]
23:21:32.830 [main] DEBUG org.springframework.test.annotation.ProfileValueUtils - Retrieved ProfileValueSource type [class org.springframework.test.annotation.SystemProfileValueSource] for class [com.suneesh.h2.H2InMemoryDbDemoApplicationTests]
23:21:32.830 [main] DEBUG org.springframework.test.annotation.ProfileValueUtils - Retrieved @ProfileValueSourceConfiguration [null] for test class [com.suneesh.h2.H2InMemoryDbDemoApplicationTests]
23:21:32.831 [main] DEBUG org.springframework.test.annotation.ProfileValueUtils - Retrieved ProfileValueSource type [class org.springframework.test.annotation.SystemProfileValueSource] for class [com.suneesh.h2.H2InMemoryDbDemoApplicationTests]
23:21:32.831 [main] DEBUG org.springframework.test.annotation.ProfileValueUtils - Retrieved @ProfileValueSourceConfiguration [null] for test class [com.suneesh.h2.H2InMemoryDbDemoApplicationTests]
23:21:32.831 [main] DEBUG org.springframework.test.annotation.ProfileValueUtils - Retrieved ProfileValueSource type [class org.springframework.test.annotation.SystemProfileValueSource] for class [com.suneesh.h2.H2InMemoryDbDemoApplicationTests]
23:21:32.836 [main] DEBUG org.springframework.test.context.support.AbstractDirtiesContextTestExecutionListener - Before test class: context [DefaultTestContext@58be6e8 testClass = H2InMemoryDbDemoApplicationTests, testInstance = [null], testMethod = [null], testException = [null], mergedContextConfiguration = [WebMergedContextConfiguration@7331196b testClass = H2InMemoryDbDemoApplicationTests, locations = '{}', classes = '{class com.suneesh.h2.H2InMemoryApplication}', contextInitializerClasses = '[]', activeProfiles = '{}', propertySourceLocations = '{}', propertySourceProperties = '{org.springframework.boot.test.context.SpringBootTestContextBootstrapper=true}', contextCustomizers = set[org.springframework.boot.test.context.filter.ExcludeFilterContextCustomizer@2a54a73f, org.springframework.boot.test.json.DuplicateJsonObjectContextCustomizerFactory$DuplicateJsonObjectContextCustomizer@505fc5a4, org.springframework.boot.test.mock.mockito.MockitoContextCustomizer@0, org.springframework.boot.test.web.client.TestRestTemplateContextCustomizer@7205765b, org.springframework.boot.test.autoconfigure.properties.PropertyMappingContextCustomizer@0, org.springframework.boot.test.autoconfigure.web.servlet.WebDriverContextCustomizerFactory$Customizer@741a8937], resourceBasePath = 'src/main/webapp', contextLoader = 'org.springframework.boot.test.context.SpringBootContextLoader', parent = [null]], attributes = map['org.springframework.test.context.web.ServletTestExecutionListener.activateListener' -> true]], class annotated with @DirtiesContext [false] with mode [null].
23:21:32.836 [main] DEBUG org.springframework.test.annotation.ProfileValueUtils - Retrieved @ProfileValueSourceConfiguration [null] for test class [com.suneesh.h2.H2InMemoryDbDemoApplicationTests]
23:21:32.836 [main] DEBUG org.springframework.test.annotation.ProfileValueUtils - Retrieved ProfileValueSource type [class org.springframework.test.annotation.SystemProfileValueSource] for class [com.suneesh.h2.H2InMemoryDbDemoApplicationTests]
23:21:32.854 [main] DEBUG org.springframework.core.env.StandardEnvironment - Adding PropertySource 'systemProperties' with lowest search precedence
23:21:32.854 [main] DEBUG org.springframework.core.env.StandardEnvironment - Adding PropertySource 'systemEnvironment' with lowest search precedence
23:21:32.854 [main] DEBUG org.springframework.core.env.StandardEnvironment - Initialized StandardEnvironment with PropertySources [MapPropertySource@2073299099 {name='systemProperties', properties={sun.desktop=windows, awt.toolkit=sun.awt.windows.WToolkit, java.specification.version=9, file.encoding.pkg=sun.io, sun.cpu.isalist=amd64, sun.jnu.encoding=Cp1252, java.class.path=G:\Development\GitHub\JavaDevelopment\SpringH2Application\target\test-classes;G:\Development\GitHub\JavaDevelopment\SpringH2Application\target\classes;G:\Development\MavenRepository\org\springframework\boot\spring-boot-starter-web\2.0.0.BUILD-SNAPSHOT\spring-boot-starter-web-2.0.0.BUILD-SNAPSHOT.jar;G:\Development\MavenRepository\org\springframework\boot\spring-boot-starter\2.0.0.BUILD-SNAPSHOT\spring-boot-starter-2.0.0.BUILD-SNAPSHOT.jar;G:\Development\MavenRepository\org\springframework\boot\spring-boot\2.0.0.BUILD-SNAPSHOT\spring-boot-2.0.0.BUILD-SNAPSHOT.jar;G:\Development\MavenRepository\org\springframework\boot\spring-boot-autoconfigure\2.0.0.BUILD-SNAPSHOT\spring-boot-autoconfigure-2.0.0.BUILD-SNAPSHOT.jar;G:\Development\MavenRepository\org\springframework\boot\spring-boot-starter-logging\2.0.0.BUILD-SNAPSHOT\spring-boot-starter-logging-2.0.0.BUILD-SNAPSHOT.jar;G:\Development\MavenRepository\ch\qos\logback\logback-classic\1.2.3\logback-classic-1.2.3.jar;G:\Development\MavenRepository\ch\qos\logback\logback-core\1.2.3\logback-core-1.2.3.jar;G:\Development\MavenRepository\org\apache\logging\log4j\log4j-to-slf4j\2.10.0\log4j-to-slf4j-2.10.0.jar;G:\Development\MavenRepository\org\apache\logging\log4j\log4j-api\2.10.0\log4j-api-2.10.0.jar;G:\Development\MavenRepository\org\slf4j\jul-to-slf4j\1.7.25\jul-to-slf4j-1.7.25.jar;G:\Development\MavenRepository\javax\annotation\javax.annotation-api\1.3.2\javax.annotation-api-1.3.2.jar;G:\Development\MavenRepository\org\yaml\snakeyaml\1.19\snakeyaml-1.19.jar;G:\Development\MavenRepository\org\springframework\boot\spring-boot-starter-json\2.0.0.BUILD-SNAPSHOT\spring-boot-starter-json-2.0.0.BUILD-SNAPSHOT.jar;G:\Development\MavenRepository\com\fasterxml\jackson\core\jackson-databind\2.9.4\jackson-databind-2.9.4.jar;G:\Development\MavenRepository\com\fasterxml\jackson\core\jackson-annotations\2.9.0\jackson-annotations-2.9.0.jar;G:\Development\MavenRepository\com\fasterxml\jackson\core\jackson-core\2.9.4\jackson-core-2.9.4.jar;G:\Development\MavenRepository\com\fasterxml\jackson\datatype\jackson-datatype-jdk8\2.9.4\jackson-datatype-jdk8-2.9.4.jar;G:\Development\MavenRepository\com\fasterxml\jackson\datatype\jackson-datatype-jsr310\2.9.4\jackson-datatype-jsr310-2.9.4.jar;G:\Development\MavenRepository\com\fasterxml\jackson\module\jackson-module-parameter-names\2.9.4\jackson-module-parameter-names-2.9.4.jar;G:\Development\MavenRepository\org\springframework\boot\spring-boot-starter-tomcat\2.0.0.BUILD-SNAPSHOT\spring-boot-starter-tomcat-2.0.0.BUILD-SNAPSHOT.jar;G:\Development\MavenRepository\org\apache\tomcat\embed\tomcat-embed-core\8.5.28\tomcat-embed-core-8.5.28.jar;G:\Development\MavenRepository\org\apache\tomcat\embed\tomcat-embed-el\8.5.28\tomcat-embed-el-8.5.28.jar;G:\Development\MavenRepository\org\apache\tomcat\embed\tomcat-embed-websocket\8.5.28\tomcat-embed-websocket-8.5.28.jar;G:\Development\MavenRepository\org\hibernate\validator\hibernate-validator\6.0.7.Final\hibernate-validator-6.0.7.Final.jar;G:\Development\MavenRepository\javax\validation\validation-api\2.0.1.Final\validation-api-2.0.1.Final.jar;G:\Development\MavenRepository\org\jboss\logging\jboss-logging\3.3.2.Final\jboss-logging-3.3.2.Final.jar;G:\Development\MavenRepository\com\fasterxml\classmate\1.3.4\classmate-1.3.4.jar;G:\Development\MavenRepository\org\springframework\spring-web\5.0.4.RELEASE\spring-web-5.0.4.RELEASE.jar;G:\Development\MavenRepository\org\springframework\spring-beans\5.0.4.RELEASE\spring-beans-5.0.4.RELEASE.jar;G:\Development\MavenRepository\org\springframework\spring-webmvc\5.0.4.RELEASE\spring-webmvc-5.0.4.RELEASE.jar;G:\Development\MavenRepository\org\springframework\spring-aop\5.0.4.RELEASE\spring-aop-5.0.4.RELEASE.jar;G:\Development\MavenRepository\org\springframework\spring-context\5.0.4.RELEASE\spring-context-5.0.4.RELEASE.jar;G:\Development\MavenRepository\org\springframework\spring-expression\5.0.4.RELEASE\spring-expression-5.0.4.RELEASE.jar;G:\Development\MavenRepository\org\springframework\boot\spring-boot-starter-data-jpa\2.0.0.BUILD-SNAPSHOT\spring-boot-starter-data-jpa-2.0.0.BUILD-SNAPSHOT.jar;G:\Development\MavenRepository\org\springframework\boot\spring-boot-starter-aop\2.0.0.BUILD-SNAPSHOT\spring-boot-starter-aop-2.0.0.BUILD-SNAPSHOT.jar;G:\Development\MavenRepository\org\aspectj\aspectjweaver\1.8.13\aspectjweaver-1.8.13.jar;G:\Development\MavenRepository\org\springframework\boot\spring-boot-starter-jdbc\2.0.0.BUILD-SNAPSHOT\spring-boot-starter-jdbc-2.0.0.BUILD-SNAPSHOT.jar;G:\Development\MavenRepository\com\zaxxer\HikariCP\2.7.8\HikariCP-2.7.8.jar;G:\Development\MavenRepository\org\springframework\spring-jdbc\5.0.4.RELEASE\spring-jdbc-5.0.4.RELEASE.jar;G:\Development\MavenRepository\org\hibernate\hibernate-core\5.2.14.Final\hibernate-core-5.2.14.Final.jar;G:\Development\MavenRepository\org\hibernate\javax\persistence\hibernate-jpa-2.1-api\1.0.0.Final\hibernate-jpa-2.1-api-1.0.0.Final.jar;G:\Development\MavenRepository\org\javassist\javassist\3.22.0-GA\javassist-3.22.0-GA.jar;G:\Development\MavenRepository\antlr\antlr\2.7.7\antlr-2.7.7.jar;G:\Development\MavenRepository\org\jboss\jandex\2.0.3.Final\jandex-2.0.3.Final.jar;G:\Development\MavenRepository\dom4j\dom4j\1.6.1\dom4j-1.6.1.jar;G:\Development\MavenRepository\org\hibernate\common\hibernate-commons-annotations\5.0.1.Final\hibernate-commons-annotations-5.0.1.Final.jar;G:\Development\MavenRepository\javax\transaction\javax.transaction-api\1.2\javax.transaction-api-1.2.jar;G:\Development\MavenRepository\org\springframework\data\spring-data-jpa\2.0.5.RELEASE\spring-data-jpa-2.0.5.RELEASE.jar;G:\Development\MavenRepository\org\springframework\data\spring-data-commons\2.0.5.RELEASE\spring-data-commons-2.0.5.RELEASE.jar;G:\Development\MavenRepository\org\springframework\spring-orm\5.0.4.RELEASE\spring-orm-5.0.4.RELEASE.jar;G:\Development\MavenRepository\org\springframework\spring-tx\5.0.4.RELEASE\spring-tx-5.0.4.RELEASE.jar;G:\Development\MavenRepository\org\slf4j\slf4j-api\1.7.25\slf4j-api-1.7.25.jar;G:\Development\MavenRepository\org\springframework\spring-aspects\5.0.4.RELEASE\spring-aspects-5.0.4.RELEASE.jar;G:\Development\MavenRepository\com\h2database\h2\1.4.196\h2-1.4.196.jar;G:\Development\MavenRepository\org\springframework\boot\spring-boot-starter-test\2.0.0.BUILD-SNAPSHOT\spring-boot-starter-test-2.0.0.BUILD-SNAPSHOT.jar;G:\Development\MavenRepository\org\springframework\boot\spring-boot-test\2.0.0.BUILD-SNAPSHOT\spring-boot-test-2.0.0.BUILD-SNAPSHOT.jar;G:\Development\MavenRepository\org\springframework\boot\spring-boot-test-autoconfigure\2.0.0.BUILD-SNAPSHOT\spring-boot-test-autoconfigure-2.0.0.BUILD-SNAPSHOT.jar;G:\Development\MavenRepository\com\jayway\jsonpath\json-path\2.4.0\json-path-2.4.0.jar;G:\Development\MavenRepository\net\minidev\json-smart\2.3\json-smart-2.3.jar;G:\Development\MavenRepository\net\minidev\accessors-smart\1.2\accessors-smart-1.2.jar;G:\Development\MavenRepository\org\ow2\asm\asm\5.0.4\asm-5.0.4.jar;G:\Development\MavenRepository\junit\junit\4.12\junit-4.12.jar;G:\Development\MavenRepository\org\assertj\assertj-core\3.9.1\assertj-core-3.9.1.jar;G:\Development\MavenRepository\org\mockito\mockito-core\2.15.0\mockito-core-2.15.0.jar;G:\Development\MavenRepository\net\bytebuddy\byte-buddy\1.7.10\byte-buddy-1.7.10.jar;G:\Development\MavenRepository\net\bytebuddy\byte-buddy-agent\1.7.10\byte-buddy-agent-1.7.10.jar;G:\Development\MavenRepository\org\objenesis\objenesis\2.6\objenesis-2.6.jar;G:\Development\MavenRepository\org\hamcrest\hamcrest-core\1.3\hamcrest-core-1.3.jar;G:\Development\MavenRepository\org\hamcrest\hamcrest-library\1.3\hamcrest-library-1.3.jar;G:\Development\MavenRepository\org\skyscreamer\jsonassert\1.5.0\jsonassert-1.5.0.jar;G:\Development\MavenRepository\com\vaadin\external\google\android-json\0.0.20131108.vaadin1\android-json-0.0.20131108.vaadin1.jar;G:\Development\MavenRepository\org\springframework\spring-core\5.0.4.RELEASE\spring-core-5.0.4.RELEASE.jar;G:\Development\MavenRepository\org\springframework\spring-jcl\5.0.4.RELEASE\spring-jcl-5.0.4.RELEASE.jar;G:\Development\MavenRepository\org\springframework\spring-test\5.0.4.RELEASE\spring-test-5.0.4.RELEASE.jar;G:\Development\MavenRepository\org\xmlunit\xmlunit-core\2.5.1\xmlunit-core-2.5.1.jar;, java.vm.vendor=Oracle Corporation, sun.arch.data.model=64, user.variant=, java.vendor.url=http://java.oracle.com/, user.timezone=Europe/London, os.name=Windows 10, java.vm.specification.version=9, sun.java.launcher=SUN_STANDARD, user.country=GB, sun.boot.library.path=C:\Program Files\Java\jdk-9.0.1\bin, sun.java.command=C:\Users\sunee\AppData\Local\Temp\surefire11253842243414686282\surefirebooter9590102627159498564.jar C:\Users\sunee\AppData\Local\Temp\surefire11253842243414686282 2020-01-19T23-21-25_816-jvmRun1 surefire8304468099330974679tmp surefire_06592669144205719307tmp, jdk.debug=release, surefire.test.class.path=G:\Development\GitHub\JavaDevelopment\SpringH2Application\target\test-classes;G:\Development\GitHub\JavaDevelopment\SpringH2Application\target\classes;G:\Development\MavenRepository\org\springframework\boot\spring-boot-starter-web\2.0.0.BUILD-SNAPSHOT\spring-boot-starter-web-2.0.0.BUILD-SNAPSHOT.jar;G:\Development\MavenRepository\org\springframework\boot\spring-boot-starter\2.0.0.BUILD-SNAPSHOT\spring-boot-starter-2.0.0.BUILD-SNAPSHOT.jar;G:\Development\MavenRepository\org\springframework\boot\spring-boot\2.0.0.BUILD-SNAPSHOT\spring-boot-2.0.0.BUILD-SNAPSHOT.jar;G:\Development\MavenRepository\org\springframework\boot\spring-boot-autoconfigure\2.0.0.BUILD-SNAPSHOT\spring-boot-autoconfigure-2.0.0.BUILD-SNAPSHOT.jar;G:\Development\MavenRepository\org\springframework\boot\spring-boot-starter-logging\2.0.0.BUILD-SNAPSHOT\spring-boot-starter-logging-2.0.0.BUILD-SNAPSHOT.jar;G:\Development\MavenRepository\ch\qos\logback\logback-classic\1.2.3\logback-classic-1.2.3.jar;G:\Development\MavenRepository\ch\qos\logback\logback-core\1.2.3\logback-core-1.2.3.jar;G:\Development\MavenRepository\org\apache\logging\log4j\log4j-to-slf4j\2.10.0\log4j-to-slf4j-2.10.0.jar;G:\Development\MavenRepository\org\apache\logging\log4j\log4j-api\2.10.0\log4j-api-2.10.0.jar;G:\Development\MavenRepository\org\slf4j\jul-to-slf4j\1.7.25\jul-to-slf4j-1.7.25.jar;G:\Development\MavenRepository\javax\annotation\javax.annotation-api\1.3.2\javax.annotation-api-1.3.2.jar;G:\Development\MavenRepository\org\yaml\snakeyaml\1.19\snakeyaml-1.19.jar;G:\Development\MavenRepository\org\springframework\boot\spring-boot-starter-json\2.0.0.BUILD-SNAPSHOT\spring-boot-starter-json-2.0.0.BUILD-SNAPSHOT.jar;G:\Development\MavenRepository\com\fasterxml\jackson\core\jackson-databind\2.9.4\jackson-databind-2.9.4.jar;G:\Development\MavenRepository\com\fasterxml\jackson\core\jackson-annotations\2.9.0\jackson-annotations-2.9.0.jar;G:\Development\MavenRepository\com\fasterxml\jackson\core\jackson-core\2.9.4\jackson-core-2.9.4.jar;G:\Development\MavenRepository\com\fasterxml\jackson\datatype\jackson-datatype-jdk8\2.9.4\jackson-datatype-jdk8-2.9.4.jar;G:\Development\MavenRepository\com\fasterxml\jackson\datatype\jackson-datatype-jsr310\2.9.4\jackson-datatype-jsr310-2.9.4.jar;G:\Development\MavenRepository\com\fasterxml\jackson\module\jackson-module-parameter-names\2.9.4\jackson-module-parameter-names-2.9.4.jar;G:\Development\MavenRepository\org\springframework\boot\spring-boot-starter-tomcat\2.0.0.BUILD-SNAPSHOT\spring-boot-starter-tomcat-2.0.0.BUILD-SNAPSHOT.jar;G:\Development\MavenRepository\org\apache\tomcat\embed\tomcat-embed-core\8.5.28\tomcat-embed-core-8.5.28.jar;G:\Development\MavenRepository\org\apache\tomcat\embed\tomcat-embed-el\8.5.28\tomcat-embed-el-8.5.28.jar;G:\Development\MavenRepository\org\apache\tomcat\embed\tomcat-embed-websocket\8.5.28\tomcat-embed-websocket-8.5.28.jar;G:\Development\MavenRepository\org\hibernate\validator\hibernate-validator\6.0.7.Final\hibernate-validator-6.0.7.Final.jar;G:\Development\MavenRepository\javax\validation\validation-api\2.0.1.Final\validation-api-2.0.1.Final.jar;G:\Development\MavenRepository\org\jboss\logging\jboss-logging\3.3.2.Final\jboss-logging-3.3.2.Final.jar;G:\Development\MavenRepository\com\fasterxml\classmate\1.3.4\classmate-1.3.4.jar;G:\Development\MavenRepository\org\springframework\spring-web\5.0.4.RELEASE\spring-web-5.0.4.RELEASE.jar;G:\Development\MavenRepository\org\springframework\spring-beans\5.0.4.RELEASE\spring-beans-5.0.4.RELEASE.jar;G:\Development\MavenRepository\org\springframework\spring-webmvc\5.0.4.RELEASE\spring-webmvc-5.0.4.RELEASE.jar;G:\Development\MavenRepository\org\springframework\spring-aop\5.0.4.RELEASE\spring-aop-5.0.4.RELEASE.jar;G:\Development\MavenRepository\org\springframework\spring-context\5.0.4.RELEASE\spring-context-5.0.4.RELEASE.jar;G:\Development\MavenRepository\org\springframework\spring-expression\5.0.4.RELEASE\spring-expression-5.0.4.RELEASE.jar;G:\Development\MavenRepository\org\springframework\boot\spring-boot-starter-data-jpa\2.0.0.BUILD-SNAPSHOT\spring-boot-starter-data-jpa-2.0.0.BUILD-SNAPSHOT.jar;G:\Development\MavenRepository\org\springframework\boot\spring-boot-starter-aop\2.0.0.BUILD-SNAPSHOT\spring-boot-starter-aop-2.0.0.BUILD-SNAPSHOT.jar;G:\Development\MavenRepository\org\aspectj\aspectjweaver\1.8.13\aspectjweaver-1.8.13.jar;G:\Development\MavenRepository\org\springframework\boot\spring-boot-starter-jdbc\2.0.0.BUILD-SNAPSHOT\spring-boot-starter-jdbc-2.0.0.BUILD-SNAPSHOT.jar;G:\Development\MavenRepository\com\zaxxer\HikariCP\2.7.8\HikariCP-2.7.8.jar;G:\Development\MavenRepository\org\springframework\spring-jdbc\5.0.4.RELEASE\spring-jdbc-5.0.4.RELEASE.jar;G:\Development\MavenRepository\org\hibernate\hibernate-core\5.2.14.Final\hibernate-core-5.2.14.Final.jar;G:\Development\MavenRepository\org\hibernate\javax\persistence\hibernate-jpa-2.1-api\1.0.0.Final\hibernate-jpa-2.1-api-1.0.0.Final.jar;G:\Development\MavenRepository\org\javassist\javassist\3.22.0-GA\javassist-3.22.0-GA.jar;G:\Development\MavenRepository\antlr\antlr\2.7.7\antlr-2.7.7.jar;G:\Development\MavenRepository\org\jboss\jandex\2.0.3.Final\jandex-2.0.3.Final.jar;G:\Development\MavenRepository\dom4j\dom4j\1.6.1\dom4j-1.6.1.jar;G:\Development\MavenRepository\org\hibernate\common\hibernate-commons-annotations\5.0.1.Final\hibernate-commons-annotations-5.0.1.Final.jar;G:\Development\MavenRepository\javax\transaction\javax.transaction-api\1.2\javax.transaction-api-1.2.jar;G:\Development\MavenRepository\org\springframework\data\spring-data-jpa\2.0.5.RELEASE\spring-data-jpa-2.0.5.RELEASE.jar;G:\Development\MavenRepository\org\springframework\data\spring-data-commons\2.0.5.RELEASE\spring-data-commons-2.0.5.RELEASE.jar;G:\Development\MavenRepository\org\springframework\spring-orm\5.0.4.RELEASE\spring-orm-5.0.4.RELEASE.jar;G:\Development\MavenRepository\org\springframework\spring-tx\5.0.4.RELEASE\spring-tx-5.0.4.RELEASE.jar;G:\Development\MavenRepository\org\slf4j\slf4j-api\1.7.25\slf4j-api-1.7.25.jar;G:\Development\MavenRepository\org\springframework\spring-aspects\5.0.4.RELEASE\spring-aspects-5.0.4.RELEASE.jar;G:\Development\MavenRepository\com\h2database\h2\1.4.196\h2-1.4.196.jar;G:\Development\MavenRepository\org\springframework\boot\spring-boot-starter-test\2.0.0.BUILD-SNAPSHOT\spring-boot-starter-test-2.0.0.BUILD-SNAPSHOT.jar;G:\Development\MavenRepository\org\springframework\boot\spring-boot-test\2.0.0.BUILD-SNAPSHOT\spring-boot-test-2.0.0.BUILD-SNAPSHOT.jar;G:\Development\MavenRepository\org\springframework\boot\spring-boot-test-autoconfigure\2.0.0.BUILD-SNAPSHOT\spring-boot-test-autoconfigure-2.0.0.BUILD-SNAPSHOT.jar;G:\Development\MavenRepository\com\jayway\jsonpath\json-path\2.4.0\json-path-2.4.0.jar;G:\Development\MavenRepository\net\minidev\json-smart\2.3\json-smart-2.3.jar;G:\Development\MavenRepository\net\minidev\accessors-smart\1.2\accessors-smart-1.2.jar;G:\Development\MavenRepository\org\ow2\asm\asm\5.0.4\asm-5.0.4.jar;G:\Development\MavenRepository\junit\junit\4.12\junit-4.12.jar;G:\Development\MavenRepository\org\assertj\assertj-core\3.9.1\assertj-core-3.9.1.jar;G:\Development\MavenRepository\org\mockito\mockito-core\2.15.0\mockito-core-2.15.0.jar;G:\Development\MavenRepository\net\bytebuddy\byte-buddy\1.7.10\byte-buddy-1.7.10.jar;G:\Development\MavenRepository\net\bytebuddy\byte-buddy-agent\1.7.10\byte-buddy-agent-1.7.10.jar;G:\Development\MavenRepository\org\objenesis\objenesis\2.6\objenesis-2.6.jar;G:\Development\MavenRepository\org\hamcrest\hamcrest-core\1.3\hamcrest-core-1.3.jar;G:\Development\MavenRepository\org\hamcrest\hamcrest-library\1.3\hamcrest-library-1.3.jar;G:\Development\MavenRepository\org\skyscreamer\jsonassert\1.5.0\jsonassert-1.5.0.jar;G:\Development\MavenRepository\com\vaadin\external\google\android-json\0.0.20131108.vaadin1\android-json-0.0.20131108.vaadin1.jar;G:\Development\MavenRepository\org\springframework\spring-core\5.0.4.RELEASE\spring-core-5.0.4.RELEASE.jar;G:\Development\MavenRepository\org\springframework\spring-jcl\5.0.4.RELEASE\spring-jcl-5.0.4.RELEASE.jar;G:\Development\MavenRepository\org\springframework\spring-test\5.0.4.RELEASE\spring-test-5.0.4.RELEASE.jar;G:\Development\MavenRepository\org\xmlunit\xmlunit-core\2.5.1\xmlunit-core-2.5.1.jar;, sun.cpu.endian=little, user.home=C:\Users\sunee, user.language=en, java.specification.vendor=Oracle Corporation, java.home=C:\Program Files\Java\jdk-9.0.1, file.separator=\, basedir=G:\Development\GitHub\JavaDevelopment\SpringH2Application, java.vm.compressedOopsMode=Zero based, line.separator=
, java.vm.specification.vendor=Oracle Corporation, java.specification.name=Java Platform API Specification, java.awt.graphicsenv=sun.awt.Win32GraphicsEnvironment, surefire.real.class.path=C:\Users\sunee\AppData\Local\Temp\surefire11253842243414686282\surefirebooter9590102627159498564.jar, user.script=, sun.management.compiler=HotSpot 64-Bit Tiered Compilers, java.runtime.version=9.0.1+11, user.name=sunee, path.separator=;, os.version=10.0, java.runtime.name=Java(TM) SE Runtime Environment, file.encoding=Cp1252, java.vm.name=Java HotSpot(TM) 64-Bit Server VM, localRepository=G:\Development\MavenRepository, java.vendor.url.bug=http://bugreport.java.com/bugreport/, java.io.tmpdir=C:\Users\sunee\AppData\Local\Temp\, java.version=9.0.1, user.dir=G:\Development\GitHub\JavaDevelopment\SpringH2Application, os.arch=amd64, java.vm.specification.name=Java Virtual Machine Specification, java.awt.printerjob=sun.awt.windows.WPrinterJob, sun.os.patch.level=, java.library.path=C:\Program Files\Java\jdk-9.0.1\bin;C:\WINDOWS\Sun\Java\bin;C:\WINDOWS\system32;C:\WINDOWS;C:\Users\sunee\bin;G:\Development\Git\mingw64\bin;G:\Development\Git\usr\local\bin;G:\Development\Git\usr\bin;G:\Development\Git\usr\bin;G:\Development\Git\mingw64\bin;G:\Development\Git\usr\bin;C:\Users\sunee\bin;C:\ProgramData\DockerDesktop\version-bin;C:\Program Files\Docker\Docker\Resources\bin;G:\My Software\Python3.7.1\Scripts;G:\My Software\Python3.7.1;C:\Program Files\Java\jdk-9.0.1\bin;C:\Program Files (x86)\Intel\iCLS Client;C:\Program Files\Intel\iCLS Client;C:\Program Files\Broadcom\Broadcom 802.11 Network Adapter;C:\Windows\system32;C:\Windows;C:\Windows\System32\Wbem;C:\Windows\System32\WindowsPowerShell\v1.0;C:\Program Files\WIDCOMM\Bluetooth Software;C:\Program Files\WIDCOMM\Bluetooth Software\syswow64;C:\Program Files (x86)\NVIDIA Corporation\PhysX\Common;C:\WINDOWS\system32;C:\WINDOWS;C:\WINDOWS\System32\Wbem;C:\WINDOWS\System32\WindowsPowerShell\v1.0;G:\Mining\build_monero\CMake\bin;G:\Development\putty;G:\Development\Cmake\bin;C:\Program Files (x86)\Intel\Intel(R) Management Engine Components\DAL;C:\Program Files\Intel\Intel(R) Management Engine Components\DAL;C:\Program Files (x86)\Intel\Intel(R) Management Engine Components\IPT;C:\Program Files\Intel\Intel(R) Management Engine Components\IPT;C:\WINDOWS\system32;C:\WINDOWS;C:\WINDOWS\System32\Wbem;C:\WINDOWS\System32\WindowsPowerShell\v1.0;C:\WINDOWS\System32\OpenSSH;G:\Development\apache-maven-3.6.0\bin;C:\Program Files\NVIDIA Corporation\NVIDIA NvDLISR;C:\Users\sunee\AppData\Local\Microsoft\WindowsApps;G:\Mining\build_monero\CMake\bin;C:\Users\sunee\AppData\Local\GitHubDesktop\bin;C:\Users\sunee\AppData\Local\Microsoft\WindowsApps;G:\Development\Git\cmd;C:\Users\sunee\AppData\Local\Programs\Microsoft VS Code\bin;G:\Development\Git\usr\bin\vendor_perl;G:\Development\Git\usr\bin\core_perl;., java.vm.info=mixed mode, java.vendor=Oracle Corporation, java.vm.version=9.0.1+11, sun.io.unicode.encoding=UnicodeLittle, java.class.version=53.0}}, SystemEnvironmentPropertySource@2090991873 {name='systemEnvironment', properties={PATH=C:\Users\sunee\bin;G:\Development\Git\mingw64\bin;G:\Development\Git\usr\local\bin;G:\Development\Git\usr\bin;G:\Development\Git\usr\bin;G:\Development\Git\mingw64\bin;G:\Development\Git\usr\bin;C:\Users\sunee\bin;C:\ProgramData\DockerDesktop\version-bin;C:\Program Files\Docker\Docker\Resources\bin;G:\My Software\Python3.7.1\Scripts;G:\My Software\Python3.7.1;C:\Program Files\Java\jdk-9.0.1\bin;C:\Program Files (x86)\Intel\iCLS Client;C:\Program Files\Intel\iCLS Client;C:\Program Files\Broadcom\Broadcom 802.11 Network Adapter;C:\Windows\system32;C:\Windows;C:\Windows\System32\Wbem;C:\Windows\System32\WindowsPowerShell\v1.0;C:\Program Files\WIDCOMM\Bluetooth Software;C:\Program Files\WIDCOMM\Bluetooth Software\syswow64;C:\Program Files (x86)\NVIDIA Corporation\PhysX\Common;C:\WINDOWS\system32;C:\WINDOWS;C:\WINDOWS\System32\Wbem;C:\WINDOWS\System32\WindowsPowerShell\v1.0;G:\Mining\build_monero\CMake\bin;G:\Development\putty;G:\Development\Cmake\bin;C:\Program Files (x86)\Intel\Intel(R) Management Engine Components\DAL;C:\Program Files\Intel\Intel(R) Management Engine Components\DAL;C:\Program Files (x86)\Intel\Intel(R) Management Engine Components\IPT;C:\Program Files\Intel\Intel(R) Management Engine Components\IPT;C:\WINDOWS\system32;C:\WINDOWS;C:\WINDOWS\System32\Wbem;C:\WINDOWS\System32\WindowsPowerShell\v1.0;C:\WINDOWS\System32\OpenSSH;G:\Development\apache-maven-3.6.0\bin;C:\Program Files\NVIDIA Corporation\NVIDIA NvDLISR;C:\Users\sunee\AppData\Local\Microsoft\WindowsApps;G:\Mining\build_monero\CMake\bin;C:\Users\sunee\AppData\Local\GitHubDesktop\bin;C:\Users\sunee\AppData\Local\Microsoft\WindowsApps;G:\Development\Git\cmd;C:\Users\sunee\AppData\Local\Programs\Microsoft VS Code\bin;G:\Development\Git\usr\bin\vendor_perl;G:\Development\Git\usr\bin\core_perl, USERDOMAIN_ROAMINGPROFILE=JOSHIS-DESKTOP, PKG_CONFIG_PATH=G:\Development\Git\mingw64\lib\pkgconfig;G:\Development\Git\mingw64\share\pkgconfig, MSYSTEM_PREFIX=G:/Development/Git/mingw64, PROCESSOR_LEVEL=6, SYSTEMDRIVE=C:, CONFIG_SITE=G:/Development/Git/mingw64/etc/config.site, VS140COMNTOOLS=C:\Program Files (x86)\Microsoft Visual Studio 14.0\Common7\Tools\, SESSIONNAME=Console, ALLUSERSPROFILE=C:\ProgramData, DEFAULT_CPY_DIR=G:\CPY_SAVES, ETHEREUM_SOCKET=\\.\pipe\geth.ipc, PROCESSOR_ARCHITECTURE=AMD64, DRIVERDATA=C:\Windows\System32\Drivers\DriverData, MSYSTEM_CHOST=x86_64-w64-mingw32, MAVEN_HOME=G:/Development/apache-maven-3.6.0, ORIGINAL_TEMP=C:/Users/sunee/AppData/Local/Temp, PROGRAMFILES=C:\Program Files, PSMODULEPATH=C:\WINDOWS\system32\WindowsPowerShell\v1.0\Modules\;C:\Program Files\Intel\;C:\Program Files\Intel\Wired Networking\, PROGRAMDATA=C:\ProgramData, USERNAME=sunee, PWD=G:/Development/GitHub/JavaDevelopment/SpringH2Application, GPU_USE_SYNC_OBJECTS=1, INFOPATH=G:\Development\Git\usr\local\info;G:\Development\Git\usr\share\info;G:\Development\Git\usr\info;G:\Development\Git\share\info, ADS_LANGUAGE=52, GPU_MAX_ALLOC_PERCENT=100, ONEDRIVE=C:\Users\sunee\OneDrive, PATHEXT=.COM;.EXE;.BAT;.CMD;.VBS;.VBE;.JS;.JSE;.WSF;.WSH;.MSC;.PY;.PYW, SHELL=G:\Development\Git\usr\bin\bash.exe, ORIGINAL_TMP=C:/Users/sunee/AppData/Local/Temp, OLDPWD=G:/Development/GitHub/JavaDevelopment/SpringH2Application, TMPDIR=C:\Users\sunee\AppData\Local\Temp, WINDIR=C:\WINDOWS, SSH_ASKPASS=G:/Development/Git/mingw64/libexec/git-core/git-gui--askpass, HOMEPATH=\Users\sunee, PROCESSOR_IDENTIFIER=Intel64 Family 6 Model 94 Stepping 3, GenuineIntel, M2_HOME=G:\Development\apache-maven-3.6.0, PUBLIC=C:\Users\Public, MINGW_CHOST=x86_64-w64-mingw32, =::=::\, EXEPATH=G:\Development\Git, SHLVL=1, GPU_MAX_HEAP_SIZE=100, LOCALAPPDATA=C:\Users\sunee\AppData\Local, ORIGINAL_PATH=G:\Development\Git\mingw64\bin;G:\Development\Git\usr\bin;C:\Users\sunee\bin;C:\ProgramData\DockerDesktop\version-bin;C:\Program Files\Docker\Docker\Resources\bin;G:\My Software\Python3.7.1\Scripts;G:\My Software\Python3.7.1;C:\Program Files\Java\jdk-9.0.1\bin;C:\Program Files (x86)\Intel\iCLS Client;C:\Program Files\Intel\iCLS Client;C:\Program Files\Broadcom\Broadcom 802.11 Network Adapter;C:\Windows\system32;C:\Windows;C:\Windows\System32\Wbem;C:\Windows\System32\WindowsPowerShell\v1.0;C:\Program Files\WIDCOMM\Bluetooth Software;C:\Program Files\WIDCOMM\Bluetooth Software\syswow64;C:\Program Files (x86)\NVIDIA Corporation\PhysX\Common;C:\WINDOWS\system32;C:\WINDOWS;C:\WINDOWS\System32\Wbem;C:\WINDOWS\System32\WindowsPowerShell\v1.0;G:\Mining\build_monero\CMake\bin;G:\Development\putty;G:\Development\Cmake\bin;C:\Program Files (x86)\Intel\Intel(R) Management Engine Components\DAL;C:\Program Files\Intel\Intel(R) Management Engine Components\DAL;C:\Program Files (x86)\Intel\Intel(R) Management Engine Components\IPT;C:\Program Files\Intel\Intel(R) Management Engine Components\IPT;C:\WINDOWS\system32;C:\WINDOWS;C:\WINDOWS\System32\Wbem;C:\WINDOWS\System32\WindowsPowerShell\v1.0;C:\WINDOWS\System32\OpenSSH;G:\Development\apache-maven-3.6.0\bin;C:\Program Files\NVIDIA Corporation\NVIDIA NvDLISR;C:\Users\sunee\AppData\Local\Microsoft\WindowsApps;G:\Mining\build_monero\CMake\bin;C:\Users\sunee\AppData\Local\GitHubDesktop\bin;C:\Users\sunee\AppData\Local\Microsoft\WindowsApps;G:\Development\Git\cmd;C:\Users\sunee\AppData\Local\Programs\Microsoft VS Code\bin, GPU_SINGLE_ALLOC_PERCENT=100, MANPATH=G:\Development\Git\mingw64\local\man;G:\Development\Git\mingw64\share\man;G:\Development\Git\usr\local\man;G:\Development\Git\usr\share\man;G:\Development\Git\usr\man;G:\Development\Git\share\man, COMMONPROGRAMFILES(X86)=C:\Program Files (x86)\Common Files, MINGW_PACKAGE_PREFIX=mingw-w64-x86_64, GPU_FORCE_64BIT_PTR=0, USERDOMAIN=JOSHIS-DESKTOP, LOGONSERVER=\\JOSHIS-DESKTOP, JAVA_HOME=C:/Program Files/Java/jdk-9.0.1, PLINK_PROTOCOL=ssh, PROMPT=$P$G, PROGRAMFILES(X86)=C:\Program Files (x86), TERM=xterm, ASL.LOG=Destination=file, LANG=en_GB.UTF-8, =G:=G:\Development\GitHub\JavaDevelopment\SpringH2Application, MINGW_PREFIX=G:/Development/Git/mingw64, DISPLAY=needs-to-be-defined, MSYSTEM=MINGW64, APPDATA=C:\Users\sunee\AppData\Roaming, PROGRAMW6432=C:\Program Files, SYSTEMROOT=C:\WINDOWS, GPU_USE_SYNC_OBJETCS=1, MAVEN_CMD_LINE_ARGS= -U clean install, OS=Windows_NT, COMMONPROGRAMW6432=C:\Program Files\Common Files, COMPUTERNAME=JOSHIS-DESKTOP, COMMONPROGRAMFILES=C:\Program Files\Common Files, COMSPEC=C:\WINDOWS\system32\cmd.exe, MAVEN_PROJECTBASEDIR=G:/Development/GitHub/JavaDevelopment/SpringH2Application, PROCESSOR_REVISION=5e03, ACLOCAL_PATH=G:\Development\Git\mingw64\share\aclocal;G:\Development\Git\usr\share\aclocal, MSYSTEM_CARCH=x86_64, TEMP=C:\Users\sunee\AppData\Local\Temp, HOSTNAME=JOSHIs-DESKTOP, HOMEDRIVE=C:, USERPROFILE=C:\Users\sunee, TMP=C:\Users\sunee\AppData\Local\Temp, NUMBER_OF_PROCESSORS=8, HOME=C:\Users\sunee}}]
23:21:32.857 [main] DEBUG org.springframework.test.context.support.TestPropertySourceUtils - Adding inlined properties to environment: {spring.jmx.enabled=false, org.springframework.boot.test.context.SpringBootTestContextBootstrapper=true, server.port=-1}
23:21:32.858 [main] DEBUG org.springframework.core.env.StandardEnvironment - Adding PropertySource 'Inlined Test Properties' with highest search precedence

  .   ____          _            __ _ _
 /\\ / ___'_ __ _ _(_)_ __  __ _ \ \ \ \
( ( )\___ | '_ | '_| | '_ \/ _` | \ \ \ \
 \\/  ___)| |_)| | | | | || (_| |  ) ) ) )
  '  |____| .__|_| |_|_| |_\__, | / / / /
 =========|_|==============|___/=/_/_/_/
 :: Spring Boot ::  (v2.0.0.BUILD-SNAPSHOT)

2020-01-19 23:21:33.183  INFO 4744 --- [           main] c.s.h2.H2InMemoryDbDemoApplicationTests  : Starting H2InMemoryDbDemoApplicationTests on JOSHIs-DESKTOP with PID 4744 (started by sunee in G:\Development\GitHub\JavaDevelopment\SpringH2Application)
2020-01-19 23:21:33.184  INFO 4744 --- [           main] c.s.h2.H2InMemoryDbDemoApplicationTests  : No active profile set, falling back to default profiles: default
2020-01-19 23:21:33.218  INFO 4744 --- [           main] o.s.w.c.s.GenericWebApplicationContext   : Refreshing org.springframework.web.context.support.GenericWebApplicationContext@75ed9710: startup date [Sun Jan 19 23:21:33 GMT 2020]; root of context hierarchy
2020-01-19 23:21:34.450  INFO 4744 --- [           main] trationDelegate$BeanPostProcessorChecker : Bean 'org.springframework.transaction.annotation.ProxyTransactionManagementConfiguration' of type [org.springframework.transaction.annotation.ProxyTransactionManagementConfiguration$$EnhancerBySpringCGLIB$$e5b06b61] is not eligible for getting processed by all BeanPostProcessors (for example: not eligible for auto-proxying)
2020-01-19 23:21:34.651  INFO 4744 --- [           main] com.zaxxer.hikari.HikariDataSource       : HikariPool-1 - Starting...
2020-01-19 23:21:34.779  INFO 4744 --- [           main] com.zaxxer.hikari.HikariDataSource       : HikariPool-1 - Start completed.
2020-01-19 23:21:34.846  INFO 4744 --- [           main] j.LocalContainerEntityManagerFactoryBean : Building JPA container EntityManagerFactory for persistence unit 'default'
2020-01-19 23:21:34.864  WARN 4744 --- [           main] o.s.w.c.s.GenericWebApplicationContext   : Exception encountered during context initialization - cancelling refresh attempt: org.springframework.beans.factory.BeanCreationException: Error creating bean with name 'entityManagerFactory' defined in class path resource [org/springframework/boot/autoconfigure/orm/jpa/HibernateJpaConfiguration.class]: Invocation of init method failed; nested exception is java.lang.NoClassDefFoundError: javax/transaction/SystemException
2020-01-19 23:21:34.865  INFO 4744 --- [           main] com.zaxxer.hikari.HikariDataSource       : HikariPool-1 - Shutdown initiated...
2020-01-19 23:21:34.873  INFO 4744 --- [           main] com.zaxxer.hikari.HikariDataSource       : HikariPool-1 - Shutdown completed.
2020-01-19 23:21:34.886  INFO 4744 --- [           main] ConditionEvaluationReportLoggingListener : 

Error starting ApplicationContext. To display the conditions report re-run your application with 'debug' enabled.
2020-01-19 23:21:34.894 ERROR 4744 --- [           main] o.s.boot.SpringApplication               : Application run failed

org.springframework.beans.factory.BeanCreationException: Error creating bean with name 'entityManagerFactory' defined in class path resource [org/springframework/boot/autoconfigure/orm/jpa/HibernateJpaConfiguration.class]: Invocation of init method failed; nested exception is java.lang.NoClassDefFoundError: javax/transaction/SystemException
	at org.springframework.beans.factory.support.AbstractAutowireCapableBeanFactory.initializeBean(AbstractAutowireCapableBeanFactory.java:1710) ~[spring-beans-5.0.4.RELEASE.jar:5.0.4.RELEASE]
	at org.springframework.beans.factory.support.AbstractAutowireCapableBeanFactory.doCreateBean(AbstractAutowireCapableBeanFactory.java:583) ~[spring-beans-5.0.4.RELEASE.jar:5.0.4.RELEASE]
	at org.springframework.beans.factory.support.AbstractAutowireCapableBeanFactory.createBean(AbstractAutowireCapableBeanFactory.java:502) ~[spring-beans-5.0.4.RELEASE.jar:5.0.4.RELEASE]
	at org.springframework.beans.factory.support.AbstractBeanFactory.lambda$doGetBean$0(AbstractBeanFactory.java:312) ~[spring-beans-5.0.4.RELEASE.jar:5.0.4.RELEASE]
	at org.springframework.beans.factory.support.DefaultSingletonBeanRegistry.getSingleton(DefaultSingletonBeanRegistry.java:228) ~[spring-beans-5.0.4.RELEASE.jar:5.0.4.RELEASE]
	at org.springframework.beans.factory.support.AbstractBeanFactory.doGetBean(AbstractBeanFactory.java:310) ~[spring-beans-5.0.4.RELEASE.jar:5.0.4.RELEASE]
	at org.springframework.beans.factory.support.AbstractBeanFactory.getBean(AbstractBeanFactory.java:200) ~[spring-beans-5.0.4.RELEASE.jar:5.0.4.RELEASE]
	at org.springframework.context.support.AbstractApplicationContext.getBean(AbstractApplicationContext.java:1085) ~[spring-context-5.0.4.RELEASE.jar:5.0.4.RELEASE]
	at org.springframework.context.support.AbstractApplicationContext.finishBeanFactoryInitialization(AbstractApplicationContext.java:858) ~[spring-context-5.0.4.RELEASE.jar:5.0.4.RELEASE]
	at org.springframework.context.support.AbstractApplicationContext.refresh(AbstractApplicationContext.java:549) ~[spring-context-5.0.4.RELEASE.jar:5.0.4.RELEASE]
	at org.springframework.boot.SpringApplication.refresh(SpringApplication.java:752) ~[spring-boot-2.0.0.BUILD-SNAPSHOT.jar:2.0.0.BUILD-SNAPSHOT]
	at org.springframework.boot.SpringApplication.refreshContext(SpringApplication.java:388) ~[spring-boot-2.0.0.BUILD-SNAPSHOT.jar:2.0.0.BUILD-SNAPSHOT]
	at org.springframework.boot.SpringApplication.run(SpringApplication.java:327) ~[spring-boot-2.0.0.BUILD-SNAPSHOT.jar:2.0.0.BUILD-SNAPSHOT]
	at org.springframework.boot.test.context.SpringBootContextLoader.loadContext(SpringBootContextLoader.java:138) [spring-boot-test-2.0.0.BUILD-SNAPSHOT.jar:2.0.0.BUILD-SNAPSHOT]
	at org.springframework.test.context.cache.DefaultCacheAwareContextLoaderDelegate.loadContextInternal(DefaultCacheAwareContextLoaderDelegate.java:99) [spring-test-5.0.4.RELEASE.jar:5.0.4.RELEASE]
	at org.springframework.test.context.cache.DefaultCacheAwareContextLoaderDelegate.loadContext(DefaultCacheAwareContextLoaderDelegate.java:117) [spring-test-5.0.4.RELEASE.jar:5.0.4.RELEASE]
	at org.springframework.test.context.support.DefaultTestContext.getApplicationContext(DefaultTestContext.java:107) [spring-test-5.0.4.RELEASE.jar:5.0.4.RELEASE]
	at org.springframework.test.context.web.ServletTestExecutionListener.setUpRequestContextIfNecessary(ServletTestExecutionListener.java:190) [spring-test-5.0.4.RELEASE.jar:5.0.4.RELEASE]
	at org.springframework.test.context.web.ServletTestExecutionListener.prepareTestInstance(ServletTestExecutionListener.java:132) [spring-test-5.0.4.RELEASE.jar:5.0.4.RELEASE]
	at org.springframework.test.context.TestContextManager.prepareTestInstance(TestContextManager.java:242) [spring-test-5.0.4.RELEASE.jar:5.0.4.RELEASE]
	at org.springframework.test.context.junit4.SpringJUnit4ClassRunner.createTest(SpringJUnit4ClassRunner.java:227) [spring-test-5.0.4.RELEASE.jar:5.0.4.RELEASE]
	at org.springframework.test.context.junit4.SpringJUnit4ClassRunner$1.runReflectiveCall(SpringJUnit4ClassRunner.java:289) [spring-test-5.0.4.RELEASE.jar:5.0.4.RELEASE]
	at org.junit.internal.runners.model.ReflectiveCallable.run(ReflectiveCallable.java:12) [junit-4.12.jar:4.12]
	at org.springframework.test.context.junit4.SpringJUnit4ClassRunner.methodBlock(SpringJUnit4ClassRunner.java:291) [spring-test-5.0.4.RELEASE.jar:5.0.4.RELEASE]
	at org.springframework.test.context.junit4.SpringJUnit4ClassRunner.runChild(SpringJUnit4ClassRunner.java:246) [spring-test-5.0.4.RELEASE.jar:5.0.4.RELEASE]
	at org.springframework.test.context.junit4.SpringJUnit4ClassRunner.runChild(SpringJUnit4ClassRunner.java:97) [spring-test-5.0.4.RELEASE.jar:5.0.4.RELEASE]
	at org.junit.runners.ParentRunner$3.run(ParentRunner.java:290) [junit-4.12.jar:4.12]
	at org.junit.runners.ParentRunner$1.schedule(ParentRunner.java:71) [junit-4.12.jar:4.12]
	at org.junit.runners.ParentRunner.runChildren(ParentRunner.java:288) [junit-4.12.jar:4.12]
	at org.junit.runners.ParentRunner.access$000(ParentRunner.java:58) [junit-4.12.jar:4.12]
	at org.junit.runners.ParentRunner$2.evaluate(ParentRunner.java:268) [junit-4.12.jar:4.12]
	at org.springframework.test.context.junit4.statements.RunBeforeTestClassCallbacks.evaluate(RunBeforeTestClassCallbacks.java:61) [spring-test-5.0.4.RELEASE.jar:5.0.4.RELEASE]
	at org.springframework.test.context.junit4.statements.RunAfterTestClassCallbacks.evaluate(RunAfterTestClassCallbacks.java:70) [spring-test-5.0.4.RELEASE.jar:5.0.4.RELEASE]
	at org.junit.runners.ParentRunner.run(ParentRunner.java:363) [junit-4.12.jar:4.12]
	at org.springframework.test.context.junit4.SpringJUnit4ClassRunner.run(SpringJUnit4ClassRunner.java:190) [spring-test-5.0.4.RELEASE.jar:5.0.4.RELEASE]
	at org.apache.maven.surefire.junit4.JUnit4Provider.execute(JUnit4Provider.java:369) [surefire-junit4-2.20.1.jar:2.20.1]
	at org.apache.maven.surefire.junit4.JUnit4Provider.executeWithRerun(JUnit4Provider.java:275) [surefire-junit4-2.20.1.jar:2.20.1]
	at org.apache.maven.surefire.junit4.JUnit4Provider.executeTestSet(JUnit4Provider.java:239) [surefire-junit4-2.20.1.jar:2.20.1]
	at org.apache.maven.surefire.junit4.JUnit4Provider.invoke(JUnit4Provider.java:160) [surefire-junit4-2.20.1.jar:2.20.1]
	at org.apache.maven.surefire.booter.ForkedBooter.invokeProviderInSameClassLoader(ForkedBooter.java:373) [surefire-booter-2.20.1.jar:2.20.1]
	at org.apache.maven.surefire.booter.ForkedBooter.runSuitesInProcess(ForkedBooter.java:334) [surefire-booter-2.20.1.jar:2.20.1]
	at org.apache.maven.surefire.booter.ForkedBooter.execute(ForkedBooter.java:119) [surefire-booter-2.20.1.jar:2.20.1]
	at org.apache.maven.surefire.booter.ForkedBooter.main(ForkedBooter.java:407) [surefire-booter-2.20.1.jar:2.20.1]
Caused by: java.lang.NoClassDefFoundError: javax/transaction/SystemException
	at java.base/java.lang.Class.forName0(Native Method) ~[na:na]
	at java.base/java.lang.Class.forName(Class.java:375) ~[na:na]
	at org.jboss.logging.Logger$1.run(Logger.java:2554) ~[jboss-logging-3.3.2.Final.jar:3.3.2.Final]
	at java.base/java.security.AccessController.doPrivileged(Native Method) ~[na:na]
	at org.jboss.logging.Logger.getMessageLogger(Logger.java:2529) ~[jboss-logging-3.3.2.Final.jar:3.3.2.Final]
	at org.jboss.logging.Logger.getMessageLogger(Logger.java:2516) ~[jboss-logging-3.3.2.Final.jar:3.3.2.Final]
	at org.hibernate.internal.HEMLogging.messageLogger(HEMLogging.java:28) ~[hibernate-core-5.2.14.Final.jar:5.2.14.Final]
	at org.hibernate.internal.HEMLogging.messageLogger(HEMLogging.java:24) ~[hibernate-core-5.2.14.Final.jar:5.2.14.Final]
	at org.hibernate.jpa.boot.internal.EntityManagerFactoryBuilderImpl.<clinit>(EntityManagerFactoryBuilderImpl.java:116) ~[hibernate-core-5.2.14.Final.jar:5.2.14.Final]
	at org.springframework.orm.jpa.vendor.SpringHibernateJpaPersistenceProvider.createContainerEntityManagerFactory(SpringHibernateJpaPersistenceProvider.java:51) ~[spring-orm-5.0.4.RELEASE.jar:5.0.4.RELEASE]
	at org.springframework.orm.jpa.LocalContainerEntityManagerFactoryBean.createNativeEntityManagerFactory(LocalContainerEntityManagerFactoryBean.java:365) ~[spring-orm-5.0.4.RELEASE.jar:5.0.4.RELEASE]
	at org.springframework.orm.jpa.AbstractEntityManagerFactoryBean.buildNativeEntityManagerFactory(AbstractEntityManagerFactoryBean.java:388) ~[spring-orm-5.0.4.RELEASE.jar:5.0.4.RELEASE]
	at org.springframework.orm.jpa.AbstractEntityManagerFactoryBean.afterPropertiesSet(AbstractEntityManagerFactoryBean.java:377) ~[spring-orm-5.0.4.RELEASE.jar:5.0.4.RELEASE]
	at org.springframework.orm.jpa.LocalContainerEntityManagerFactoryBean.afterPropertiesSet(LocalContainerEntityManagerFactoryBean.java:341) ~[spring-orm-5.0.4.RELEASE.jar:5.0.4.RELEASE]
	at org.springframework.beans.factory.support.AbstractAutowireCapableBeanFactory.invokeInitMethods(AbstractAutowireCapableBeanFactory.java:1769) ~[spring-beans-5.0.4.RELEASE.jar:5.0.4.RELEASE]
	at org.springframework.beans.factory.support.AbstractAutowireCapableBeanFactory.initializeBean(AbstractAutowireCapableBeanFactory.java:1706) ~[spring-beans-5.0.4.RELEASE.jar:5.0.4.RELEASE]
	... 42 common frames omitted
Caused by: java.lang.ClassNotFoundException: javax.transaction.SystemException
	at java.base/jdk.internal.loader.BuiltinClassLoader.loadClass(BuiltinClassLoader.java:582) ~[na:na]
	at java.base/jdk.internal.loader.ClassLoaders$AppClassLoader.loadClass(ClassLoaders.java:185) ~[na:na]
	at java.base/java.lang.ClassLoader.loadClass(ClassLoader.java:496) ~[na:na]
	... 58 common frames omitted

2020-01-19 23:21:34.897 ERROR 4744 --- [           main] o.s.test.context.TestContextManager      : Caught exception while allowing TestExecutionListener [org.springframework.test.context.web.ServletTestExecutionListener@5d066c7d] to prepare test instance [com.suneesh.h2.H2InMemoryDbDemoApplicationTests@4db60246]

java.lang.IllegalStateException: Failed to load ApplicationContext
	at org.springframework.test.context.cache.DefaultCacheAwareContextLoaderDelegate.loadContext(DefaultCacheAwareContextLoaderDelegate.java:125) ~[spring-test-5.0.4.RELEASE.jar:5.0.4.RELEASE]
	at org.springframework.test.context.support.DefaultTestContext.getApplicationContext(DefaultTestContext.java:107) ~[spring-test-5.0.4.RELEASE.jar:5.0.4.RELEASE]
	at org.springframework.test.context.web.ServletTestExecutionListener.setUpRequestContextIfNecessary(ServletTestExecutionListener.java:190) ~[spring-test-5.0.4.RELEASE.jar:5.0.4.RELEASE]
	at org.springframework.test.context.web.ServletTestExecutionListener.prepareTestInstance(ServletTestExecutionListener.java:132) ~[spring-test-5.0.4.RELEASE.jar:5.0.4.RELEASE]
	at org.springframework.test.context.TestContextManager.prepareTestInstance(TestContextManager.java:242) ~[spring-test-5.0.4.RELEASE.jar:5.0.4.RELEASE]
	at org.springframework.test.context.junit4.SpringJUnit4ClassRunner.createTest(SpringJUnit4ClassRunner.java:227) [spring-test-5.0.4.RELEASE.jar:5.0.4.RELEASE]
	at org.springframework.test.context.junit4.SpringJUnit4ClassRunner$1.runReflectiveCall(SpringJUnit4ClassRunner.java:289) [spring-test-5.0.4.RELEASE.jar:5.0.4.RELEASE]
	at org.junit.internal.runners.model.ReflectiveCallable.run(ReflectiveCallable.java:12) [junit-4.12.jar:4.12]
	at org.springframework.test.context.junit4.SpringJUnit4ClassRunner.methodBlock(SpringJUnit4ClassRunner.java:291) [spring-test-5.0.4.RELEASE.jar:5.0.4.RELEASE]
	at org.springframework.test.context.junit4.SpringJUnit4ClassRunner.runChild(SpringJUnit4ClassRunner.java:246) [spring-test-5.0.4.RELEASE.jar:5.0.4.RELEASE]
	at org.springframework.test.context.junit4.SpringJUnit4ClassRunner.runChild(SpringJUnit4ClassRunner.java:97) [spring-test-5.0.4.RELEASE.jar:5.0.4.RELEASE]
	at org.junit.runners.ParentRunner$3.run(ParentRunner.java:290) [junit-4.12.jar:4.12]
	at org.junit.runners.ParentRunner$1.schedule(ParentRunner.java:71) [junit-4.12.jar:4.12]
	at org.junit.runners.ParentRunner.runChildren(ParentRunner.java:288) [junit-4.12.jar:4.12]
	at org.junit.runners.ParentRunner.access$000(ParentRunner.java:58) [junit-4.12.jar:4.12]
	at org.junit.runners.ParentRunner$2.evaluate(ParentRunner.java:268) [junit-4.12.jar:4.12]
	at org.springframework.test.context.junit4.statements.RunBeforeTestClassCallbacks.evaluate(RunBeforeTestClassCallbacks.java:61) [spring-test-5.0.4.RELEASE.jar:5.0.4.RELEASE]
	at org.springframework.test.context.junit4.statements.RunAfterTestClassCallbacks.evaluate(RunAfterTestClassCallbacks.java:70) [spring-test-5.0.4.RELEASE.jar:5.0.4.RELEASE]
	at org.junit.runners.ParentRunner.run(ParentRunner.java:363) [junit-4.12.jar:4.12]
	at org.springframework.test.context.junit4.SpringJUnit4ClassRunner.run(SpringJUnit4ClassRunner.java:190) [spring-test-5.0.4.RELEASE.jar:5.0.4.RELEASE]
	at org.apache.maven.surefire.junit4.JUnit4Provider.execute(JUnit4Provider.java:369) [surefire-junit4-2.20.1.jar:2.20.1]
	at org.apache.maven.surefire.junit4.JUnit4Provider.executeWithRerun(JUnit4Provider.java:275) [surefire-junit4-2.20.1.jar:2.20.1]
	at org.apache.maven.surefire.junit4.JUnit4Provider.executeTestSet(JUnit4Provider.java:239) [surefire-junit4-2.20.1.jar:2.20.1]
	at org.apache.maven.surefire.junit4.JUnit4Provider.invoke(JUnit4Provider.java:160) [surefire-junit4-2.20.1.jar:2.20.1]
	at org.apache.maven.surefire.booter.ForkedBooter.invokeProviderInSameClassLoader(ForkedBooter.java:373) [surefire-booter-2.20.1.jar:2.20.1]
	at org.apache.maven.surefire.booter.ForkedBooter.runSuitesInProcess(ForkedBooter.java:334) [surefire-booter-2.20.1.jar:2.20.1]
	at org.apache.maven.surefire.booter.ForkedBooter.execute(ForkedBooter.java:119) [surefire-booter-2.20.1.jar:2.20.1]
	at org.apache.maven.surefire.booter.ForkedBooter.main(ForkedBooter.java:407) [surefire-booter-2.20.1.jar:2.20.1]
Caused by: org.springframework.beans.factory.BeanCreationException: Error creating bean with name 'entityManagerFactory' defined in class path resource [org/springframework/boot/autoconfigure/orm/jpa/HibernateJpaConfiguration.class]: Invocation of init method failed; nested exception is java.lang.NoClassDefFoundError: javax/transaction/SystemException
	at org.springframework.beans.factory.support.AbstractAutowireCapableBeanFactory.initializeBean(AbstractAutowireCapableBeanFactory.java:1710) ~[spring-beans-5.0.4.RELEASE.jar:5.0.4.RELEASE]
	at org.springframework.beans.factory.support.AbstractAutowireCapableBeanFactory.doCreateBean(AbstractAutowireCapableBeanFactory.java:583) ~[spring-beans-5.0.4.RELEASE.jar:5.0.4.RELEASE]
	at org.springframework.beans.factory.support.AbstractAutowireCapableBeanFactory.createBean(AbstractAutowireCapableBeanFactory.java:502) ~[spring-beans-5.0.4.RELEASE.jar:5.0.4.RELEASE]
	at org.springframework.beans.factory.support.AbstractBeanFactory.lambda$doGetBean$0(AbstractBeanFactory.java:312) ~[spring-beans-5.0.4.RELEASE.jar:5.0.4.RELEASE]
	at org.springframework.beans.factory.support.DefaultSingletonBeanRegistry.getSingleton(DefaultSingletonBeanRegistry.java:228) ~[spring-beans-5.0.4.RELEASE.jar:5.0.4.RELEASE]
	at org.springframework.beans.factory.support.AbstractBeanFactory.doGetBean(AbstractBeanFactory.java:310) ~[spring-beans-5.0.4.RELEASE.jar:5.0.4.RELEASE]
	at org.springframework.beans.factory.support.AbstractBeanFactory.getBean(AbstractBeanFactory.java:200) ~[spring-beans-5.0.4.RELEASE.jar:5.0.4.RELEASE]
	at org.springframework.context.support.AbstractApplicationContext.getBean(AbstractApplicationContext.java:1085) ~[spring-context-5.0.4.RELEASE.jar:5.0.4.RELEASE]
	at org.springframework.context.support.AbstractApplicationContext.finishBeanFactoryInitialization(AbstractApplicationContext.java:858) ~[spring-context-5.0.4.RELEASE.jar:5.0.4.RELEASE]
	at org.springframework.context.support.AbstractApplicationContext.refresh(AbstractApplicationContext.java:549) ~[spring-context-5.0.4.RELEASE.jar:5.0.4.RELEASE]
	at org.springframework.boot.SpringApplication.refresh(SpringApplication.java:752) ~[spring-boot-2.0.0.BUILD-SNAPSHOT.jar:2.0.0.BUILD-SNAPSHOT]
	at org.springframework.boot.SpringApplication.refreshContext(SpringApplication.java:388) ~[spring-boot-2.0.0.BUILD-SNAPSHOT.jar:2.0.0.BUILD-SNAPSHOT]
	at org.springframework.boot.SpringApplication.run(SpringApplication.java:327) ~[spring-boot-2.0.0.BUILD-SNAPSHOT.jar:2.0.0.BUILD-SNAPSHOT]
	at org.springframework.boot.test.context.SpringBootContextLoader.loadContext(SpringBootContextLoader.java:138) ~[spring-boot-test-2.0.0.BUILD-SNAPSHOT.jar:2.0.0.BUILD-SNAPSHOT]
	at org.springframework.test.context.cache.DefaultCacheAwareContextLoaderDelegate.loadContextInternal(DefaultCacheAwareContextLoaderDelegate.java:99) ~[spring-test-5.0.4.RELEASE.jar:5.0.4.RELEASE]
	at org.springframework.test.context.cache.DefaultCacheAwareContextLoaderDelegate.loadContext(DefaultCacheAwareContextLoaderDelegate.java:117) ~[spring-test-5.0.4.RELEASE.jar:5.0.4.RELEASE]
	... 27 common frames omitted
Caused by: java.lang.NoClassDefFoundError: javax/transaction/SystemException
	at java.base/java.lang.Class.forName0(Native Method) ~[na:na]
	at java.base/java.lang.Class.forName(Class.java:375) ~[na:na]
	at org.jboss.logging.Logger$1.run(Logger.java:2554) ~[jboss-logging-3.3.2.Final.jar:3.3.2.Final]
	at java.base/java.security.AccessController.doPrivileged(Native Method) ~[na:na]
	at org.jboss.logging.Logger.getMessageLogger(Logger.java:2529) ~[jboss-logging-3.3.2.Final.jar:3.3.2.Final]
	at org.jboss.logging.Logger.getMessageLogger(Logger.java:2516) ~[jboss-logging-3.3.2.Final.jar:3.3.2.Final]
	at org.hibernate.internal.HEMLogging.messageLogger(HEMLogging.java:28) ~[hibernate-core-5.2.14.Final.jar:5.2.14.Final]
	at org.hibernate.internal.HEMLogging.messageLogger(HEMLogging.java:24) ~[hibernate-core-5.2.14.Final.jar:5.2.14.Final]
	at org.hibernate.jpa.boot.internal.EntityManagerFactoryBuilderImpl.<clinit>(EntityManagerFactoryBuilderImpl.java:116) ~[hibernate-core-5.2.14.Final.jar:5.2.14.Final]
	at org.springframework.orm.jpa.vendor.SpringHibernateJpaPersistenceProvider.createContainerEntityManagerFactory(SpringHibernateJpaPersistenceProvider.java:51) ~[spring-orm-5.0.4.RELEASE.jar:5.0.4.RELEASE]
	at org.springframework.orm.jpa.LocalContainerEntityManagerFactoryBean.createNativeEntityManagerFactory(LocalContainerEntityManagerFactoryBean.java:365) ~[spring-orm-5.0.4.RELEASE.jar:5.0.4.RELEASE]
	at org.springframework.orm.jpa.AbstractEntityManagerFactoryBean.buildNativeEntityManagerFactory(AbstractEntityManagerFactoryBean.java:388) ~[spring-orm-5.0.4.RELEASE.jar:5.0.4.RELEASE]
	at org.springframework.orm.jpa.AbstractEntityManagerFactoryBean.afterPropertiesSet(AbstractEntityManagerFactoryBean.java:377) ~[spring-orm-5.0.4.RELEASE.jar:5.0.4.RELEASE]
	at org.springframework.orm.jpa.LocalContainerEntityManagerFactoryBean.afterPropertiesSet(LocalContainerEntityManagerFactoryBean.java:341) ~[spring-orm-5.0.4.RELEASE.jar:5.0.4.RELEASE]
	at org.springframework.beans.factory.support.AbstractAutowireCapableBeanFactory.invokeInitMethods(AbstractAutowireCapableBeanFactory.java:1769) ~[spring-beans-5.0.4.RELEASE.jar:5.0.4.RELEASE]
	at org.springframework.beans.factory.support.AbstractAutowireCapableBeanFactory.initializeBean(AbstractAutowireCapableBeanFactory.java:1706) ~[spring-beans-5.0.4.RELEASE.jar:5.0.4.RELEASE]
	... 42 common frames omitted
Caused by: java.lang.ClassNotFoundException: javax.transaction.SystemException
	at java.base/jdk.internal.loader.BuiltinClassLoader.loadClass(BuiltinClassLoader.java:582) ~[na:na]
	at java.base/jdk.internal.loader.ClassLoaders$AppClassLoader.loadClass(ClassLoaders.java:185) ~[na:na]
	at java.base/java.lang.ClassLoader.loadClass(ClassLoader.java:496) ~[na:na]
	... 58 common frames omitted

]]></system-out>
  </testcase>
</testsuite>